#
# A fatal error has been detected by the Java Runtime Environment:
#
#  SIGSEGV (0xb) at pc=0x000079e977334ba1, pid=217599, tid=0x000079e9779bd700
#
# JRE version: OpenJDK Runtime Environment (8.0_362-b09) (build 1.8.0_362-8u372-ga~us1-0ubuntu1~18.04-b09)
# Java VM: OpenJDK 64-Bit Server VM (25.362-b09 mixed mode linux-amd64 compressed oops)
# Problematic frame:
# C  [libc.so.6+0x18eba1]
#
# Core dump written. Default location: /root/YOLODeploy/java/core or core.217599
#
# If you would like to submit a bug report, please visit:
#   http://bugreport.java.com/bugreport/crash.jsp
# The crash happened outside the Java Virtual Machine in native code.
# See problematic frame for where to report the bug.
#

---------------  T H R E A D  ---------------

Current thread (0x000079e97000b000):  JavaThread "main" [_thread_in_native, id=217600, stack(0x000079e9778be000,0x000079e9779be000)]

siginfo: si_signo: 11 (SIGSEGV), si_code: 1 (SEGV_MAPERR), si_addr: 0x0000000000000000

Registers:
RAX=0x000079e7ac643010, RBX=0x000079e97034e978, RCX=0x0000000000000000, RDX=0x00000000779bc660
RSP=0x000079e9779bc5f8, RBP=0x000079e9779bc680, RSI=0x0000000000000000, RDI=0x000079e7ac643010
R8 =0x00000000ffffffff, R9 =0x0000000000000000, R10=0x000000000000000b, R11=0x000079e977334990
R12=0x000079e9779bc748, R13=0x000079e959000c48, R14=0x000079e9779bc8a8, R15=0x000079e97000b000
RIP=0x000079e977334ba1, EFLAGS=0x0000000000010202, CSGSFS=0x002b000000000033, ERR=0x0000000000000004
  TRAPNO=0x000000000000000e

Top of Stack: (sp=0x000079e9779bc5f8)
0x000079e9779bc5f8:   000079e9439ba450 000079e9779bc620
0x000079e9779bc608:   000079e9439adc38 000079e9779bc650
0x000079e9779bc618:   000079e97034e978 000079e9779bc640
0x000079e9779bc628:   000079e9439ac93a 000079e97034e7f0
0x000079e9779bc638:   000079e97034e7f0 000079e9779bc660
0x000079e9779bc648:   000079e9439ab6f2 0000000000000000
0x000079e9779bc658:   000079e7ac643010 000079e9779bc680
0x000079e9779bc668:   30bdeeba61190000 000079e97034e978
0x000079e9779bc678:   000079e97034e978 000079e9779bc6b0
0x000079e9779bc688:   000079e9439b8427 000079e9779bc6e0
0x000079e9779bc698:   000079e97034e970 000079e97034e970
0x000079e9779bc6a8:   000079e97034e970 000079e9779bc700
0x000079e9779bc6b8:   000079e9439b6b0f 000079e97000b000
0x000079e9779bc6c8:   3e8000003ee66666 000079e9779bc748
0x000079e9779bc6d8:   000079e97034e970 0000000000000000
0x000079e9779bc6e8:   30bdeeba61190000 000079e97034e970
0x000079e9779bc6f8:   000079e97034e970 000079e9779bc800
0x000079e9779bc708:   000079e9439bf9df 0000000000000000
0x000079e9779bc718:   000079e9779bc8a0 000079e9779bc8a8
0x000079e9779bc728:   000079e97000b260 0000000000000000
0x000079e9779bc738:   0000eeba61190000 0000000000000000
0x000079e9779bc748:   0000000000000000 000079e970161ec0
0x000079e9779bc758:   000079e97000bec0 000079e97034e7b0
0x000079e9779bc768:   0000000000000035 0000000000000035
0x000079e9779bc778:   000079e9761af10f 000079e970161ec0
0x000079e9779bc788:   0000000000000035 0000000000000035
0x000079e9779bc798:   000079e97000b000 000079e9779bc7b0
0x000079e9779bc7a8:   0000000000000000 000079e959000c00
0x000079e9779bc7b8:   000079e97000b000 0000000059000c48
0x000079e9779bc7c8:   0000000000000001 0000000000000000
0x000079e9779bc7d8:   0000000000000000 0000000000000000
0x000079e9779bc7e8:   30bdeeba61190000 000079e959000c48 

Instructions: (pc=0x000079e977334ba1)
0x000079e977334b81:   00 00 77 bc c5 fe 7f 29 c5 fe 7f 71 e0 c5 fe 7f
0x000079e977334b91:   79 c0 c5 7e 7f 41 a0 c4 c1 7e 7f 23 c5 f8 77 c3
0x000079e977334ba1:   c5 fe 6f 26 c5 fe 6f 6e 20 c5 fe 6f 76 40 c5 fe
0x000079e977334bb1:   6f 7e 60 c5 7e 6f 44 16 e0 4c 8d 5c 17 e0 48 8d 

Register to memory mapping:

RAX=0x000079e7ac643010 is an unknown value
RBX=0x000079e97034e978 is an unknown value
RCX=0x0000000000000000 is an unknown value
RDX=0x00000000779bc660 is an unknown value
RSP=0x000079e9779bc5f8 is pointing into the stack for thread: 0x000079e97000b000
RBP=0x000079e9779bc680 is pointing into the stack for thread: 0x000079e97000b000
RSI=0x0000000000000000 is an unknown value
RDI=0x000079e7ac643010 is an unknown value
R8 =0x00000000ffffffff is an unallocated location in the heap
R9 =0x0000000000000000 is an unknown value
R10=0x000000000000000b is an unknown value
R11=0x000079e977334990: <offset 0x18e990> in /lib/x86_64-linux-gnu/libc.so.6 at 0x000079e9771a6000
R12=0x000079e9779bc748 is pointing into the stack for thread: 0x000079e97000b000
R13={method} {0x000079e959000c48} 'createOrientedBoundingBoxHandler' '(Ljava/lang/String;J)J' in 'ModelProcessor'
R14=0x000079e9779bc8a8 is pointing into the stack for thread: 0x000079e97000b000
R15=0x000079e97000b000 is a thread


Stack: [0x000079e9778be000,0x000079e9779be000],  sp=0x000079e9779bc5f8,  free space=1017k
Native frames: (J=compiled Java code, j=interpreted, Vv=VM code, C=native code)
C  [libc.so.6+0x18eba1]
C  [libmodelprocessor.so+0x41427]  BaseModel<ObbResult>::BaseModel(std::unique_ptr<IInferBackend, std::default_delete<IInferBackend> >)+0x71
C  [libmodelprocessor.so+0x3fb0f]  YOLOV11Obb::YOLOV11Obb(std::unique_ptr<IInferBackend, std::default_delete<IInferBackend> >, float, float)+0x5b
C  [libmodelprocessor.so+0x489df]  Java_ModelProcessor_createOrientedBoundingBoxHandler+0x193
j  ModelProcessor.createOrientedBoundingBoxHandler(Ljava/lang/String;J)J+0
j  ModelProcessor.createOrientedBoundingBox(Ljava/lang/String;)V+4
j  ModelProcessor.main([Ljava/lang/String;)V+37
v  ~StubRoutines::call_stub
V  [libjvm.so+0x6ba6c2]
V  [libjvm.so+0x73f1f0]
V  [libjvm.so+0x7417ed]
C  [libjli.so+0x375a]
C  [libjli.so+0x79bd]
C  [libpthread.so.0+0x76db]  start_thread+0xdb

Java frames: (J=compiled Java code, j=interpreted, Vv=VM code)
j  ModelProcessor.createOrientedBoundingBoxHandler(Ljava/lang/String;J)J+0
j  ModelProcessor.createOrientedBoundingBox(Ljava/lang/String;)V+4
j  ModelProcessor.main([Ljava/lang/String;)V+37
v  ~StubRoutines::call_stub

---------------  P R O C E S S  ---------------

Java Threads: ( => current thread )
  0x000079e9700fa800 JavaThread "Service Thread" daemon [_thread_blocked, id=217635, stack(0x000079e9481bb000,0x000079e9482bc000)]
  0x000079e9700f8000 JavaThread "C1 CompilerThread11" daemon [_thread_blocked, id=217634, stack(0x000079e9482bd000,0x000079e9483bd000)]
  0x000079e9700f5800 JavaThread "C1 CompilerThread10" daemon [_thread_blocked, id=217633, stack(0x000079e9483be000,0x000079e9484be000)]
  0x000079e9700f3800 JavaThread "C1 CompilerThread9" daemon [_thread_blocked, id=217632, stack(0x000079e9484bf000,0x000079e9485bf000)]
  0x000079e9700f1800 JavaThread "C1 CompilerThread8" daemon [_thread_blocked, id=217631, stack(0x000079e9485c0000,0x000079e9486c0000)]
  0x000079e9700ef800 JavaThread "C2 CompilerThread7" daemon [_thread_blocked, id=217630, stack(0x000079e9486c1000,0x000079e9487c1000)]
  0x000079e9700ed800 JavaThread "C2 CompilerThread6" daemon [_thread_blocked, id=217629, stack(0x000079e9487c2000,0x000079e9488c2000)]
  0x000079e9700eb000 JavaThread "C2 CompilerThread5" daemon [_thread_blocked, id=217628, stack(0x000079e9488c3000,0x000079e9489c3000)]
  0x000079e9700e9000 JavaThread "C2 CompilerThread4" daemon [_thread_blocked, id=217627, stack(0x000079e9489c4000,0x000079e948ac4000)]
  0x000079e9700df000 JavaThread "C2 CompilerThread3" daemon [_thread_blocked, id=217626, stack(0x000079e948ac5000,0x000079e948bc5000)]
  0x000079e9700dc800 JavaThread "C2 CompilerThread2" daemon [_thread_blocked, id=217625, stack(0x000079e948bc6000,0x000079e948cc6000)]
  0x000079e9700db000 JavaThread "C2 CompilerThread1" daemon [_thread_blocked, id=217624, stack(0x000079e948cc7000,0x000079e948dc7000)]
  0x000079e9700d8000 JavaThread "C2 CompilerThread0" daemon [_thread_blocked, id=217623, stack(0x000079e948dc8000,0x000079e948ec8000)]
  0x000079e9700d5000 JavaThread "Signal Dispatcher" daemon [_thread_blocked, id=217622, stack(0x000079e948ec8000,0x000079e948fc9000)]
  0x000079e9700a5800 JavaThread "Finalizer" daemon [_thread_blocked, id=217621, stack(0x000079e948fc9000,0x000079e9490ca000)]
  0x000079e9700a1000 JavaThread "Reference Handler" daemon [_thread_blocked, id=217620, stack(0x000079e9490ca000,0x000079e9491cb000)]
=>0x000079e97000b000 JavaThread "main" [_thread_in_native, id=217600, stack(0x000079e9778be000,0x000079e9779be000)]

Other Threads:
  0x000079e970097000 VMThread [stack: 0x000079e9491cc000,0x000079e9492cc000] [id=217619]
  0x000079e9700fd000 WatcherThread [stack: 0x000079e9480bb000,0x000079e9481bb000] [id=217636]

VM state:not at safepoint (normal execution)

VM Mutex/Monitor currently owned by a thread: None

heap address: 0x0000000080200000, size: 30718 MB, Compressed Oops mode: Zero based, Oop shift amount: 3
Narrow klass base: 0x0000000800000000, Narrow klass shift: 0
Compressed class space size: 1073741824 Address: 0x0000000800000000

Heap:
 PSYoungGen      total 611840K, used 20992K [0x0000000580100000, 0x00000005aab80000, 0x0000000800000000)
  eden space 524800K, 4% used [0x0000000580100000,0x0000000581580028,0x00000005a0180000)
  from space 87040K, 0% used [0x00000005a5680000,0x00000005a5680000,0x00000005aab80000)
  to   space 87040K, 0% used [0x00000005a0180000,0x00000005a0180000,0x00000005a5680000)
 ParOldGen       total 1398272K, used 0K [0x0000000080200000, 0x00000000d5780000, 0x0000000580100000)
  object space 1398272K, 0% used [0x0000000080200000,0x0000000080200000,0x00000000d5780000)
 Metaspace       used 2807K, capacity 4490K, committed 4864K, reserved 1056768K
  class space    used 295K, capacity 386K, committed 512K, reserved 1048576K

Card table byte_map: [0x000079e95d000000,0x000079e960c00000] byte_map_base: 0x000079e95cbff000

Marking Bits: (ParMarkBitMap*) 0x000079e976b49720
 Begin Bits: [0x000079e8cd610000, 0x000079e8eb608000)
 End Bits:   [0x000079e8eb608000, 0x000079e909600000)

Polling page: 0x000079e9779c6000

CodeCache: size=245760Kb used=2791Kb max_used=2791Kb free=242968Kb
 bounds [0x000079e961000000, 0x000079e9612c0000, 0x000079e970000000]
 total_blobs=269 nmethods=18 adapters=163
 compilation: enabled

Compilation events (10 events):
Event: 0.059 Thread 0x000079e9700f1800   14       3       java.lang.AbstractStringBuilder::append (50 bytes)
Event: 0.059 Thread 0x000079e9700f3800   15       3       java.lang.String::getChars (62 bytes)
Event: 0.059 Thread 0x000079e9700f3800 nmethod 15 0x000079e9612b50d0 code [0x000079e9612b5280, 0x000079e9612b56b8]
Event: 0.059 Thread 0x000079e9700f1800 nmethod 14 0x000079e9612b58d0 code [0x000079e9612b5aa0, 0x000079e9612b6218]
Event: 0.064 Thread 0x000079e9700f8000   16       3       java.util.Arrays::copyOfRange (63 bytes)
Event: 0.064 Thread 0x000079e9700f5800   17       3       java.lang.StringBuilder::append (8 bytes)
Event: 0.064 Thread 0x000079e9700f5800 nmethod 17 0x000079e9612b83d0 code [0x000079e9612b8540, 0x000079e9612b86c8]
Event: 0.064 Thread 0x000079e9700f8000 nmethod 16 0x000079e9612b8750 code [0x000079e9612b8960, 0x000079e9612b94f8]
Event: 0.064 Thread 0x000079e9700f3800   18       3       java.lang.String::indexOf (7 bytes)
Event: 0.064 Thread 0x000079e9700f3800 nmethod 18 0x000079e9612b9a50 code [0x000079e9612b9bc0, 0x000079e9612b9dc8]

GC Heap History (0 events):
No events

Deoptimization events (0 events):
No events

Classes redefined (0 events):
No events

Internal exceptions (5 events):
Event: 0.028 Thread 0x000079e97000b000 Exception <a 'java/lang/NoSuchMethodError': Method sun.misc.Unsafe.defineClass(Ljava/lang/String;[BII)Ljava/lang/Class; name or signature does not match> (0x0000000580107cd8) thrown at [/build/openjdk-8-a8EOsV/openjdk-8-8u372-ga~us1/src/hotspot/src/share/
Event: 0.028 Thread 0x000079e97000b000 Exception <a 'java/lang/NoSuchMethodError': Method sun.misc.Unsafe.prefetchRead(Ljava/lang/Object;J)V name or signature does not match> (0x0000000580107fc0) thrown at [/build/openjdk-8-a8EOsV/openjdk-8-8u372-ga~us1/src/hotspot/src/share/vm/prims/jni.cpp, 
Event: 0.058 Thread 0x000079e97000b000 Exception <a 'java/util/zip/ZipException'> (0x0000000580164068) thrown at [/build/openjdk-8-a8EOsV/openjdk-8-8u372-ga~us1/src/hotspot/src/share/vm/prims/jni.cpp, line 709]
Event: 0.058 Thread 0x000079e97000b000 Exception <a 'java/security/PrivilegedActionException'> (0x0000000580164308) thrown at [/build/openjdk-8-a8EOsV/openjdk-8-8u372-ga~us1/src/hotspot/src/share/vm/prims/jvm.cpp, line 1514]
Event: 0.058 Thread 0x000079e97000b000 Exception <a 'java/security/PrivilegedActionException'> (0x0000000580164518) thrown at [/build/openjdk-8-a8EOsV/openjdk-8-8u372-ga~us1/src/hotspot/src/share/vm/prims/jvm.cpp, line 1514]

Events (10 events):
Event: 0.064 loading class java/lang/Class$MethodArray
Event: 0.064 loading class java/lang/Class$MethodArray done
Event: 0.064 loading class java/io/ByteArrayOutputStream
Event: 0.064 loading class java/io/ByteArrayOutputStream done
Event: 0.064 loading class java/awt/image/RenderedImage
Event: 0.064 loading class java/awt/image/RenderedImage done
Event: 0.064 loading class java/lang/Void
Event: 0.064 loading class java/lang/Void done
Event: 0.065 loading class java/lang/ClassLoaderHelper
Event: 0.065 loading class java/lang/ClassLoaderHelper done


Dynamic libraries:
80200000-d5780000 rw-p 00000000 00:00 0 
d5780000-580100000 ---p 00000000 00:00 0 
580100000-5aab80000 rw-p 00000000 00:00 0 
5aab80000-800000000 ---p 00000000 00:00 0 
800000000-800080000 rw-p 00000000 00:00 0 
800080000-840000000 ---p 00000000 00:00 0 
900000000-900200000 ---p 00000000 00:00 0 
900200000-900400000 rw-s 00000000 00:06 887                              /dev/nvidia0
900400000-903c00000 rw-s 00000000 00:06 885                              /dev/nvidiactl
903c00000-904a00000 ---p 00000000 00:00 0 
904a00000-904c00000 rw-s 00000000 00:06 885                              /dev/nvidiactl
904c00000-904e00000 rw-s 00000000 00:06 885                              /dev/nvidiactl
904e00000-905000000 rw-s 904e00000 00:06 898                             /dev/nvidia-uvm
905000000-905400000 ---p 00000000 00:00 0 
905400000-905600000 rw-s 00000000 00:01 17441                            /dev/zero (deleted)
905600000-a00200000 ---p 00000000 00:00 0 
10000000000-10004000000 ---p 00000000 00:00 0 
61d34ec00000-61d34ec01000 r-xp 00000000 00:37 61212914                   /usr/lib/jvm/java-8-openjdk-amd64/jre/bin/java
61d34ee00000-61d34ee01000 r--p 00000000 00:37 61212914                   /usr/lib/jvm/java-8-openjdk-amd64/jre/bin/java
61d34ee01000-61d34ee02000 rw-p 00001000 00:37 61212914                   /usr/lib/jvm/java-8-openjdk-amd64/jre/bin/java
61d38a367000-61d38a388000 rw-p 00000000 00:00 0                          [heap]
79e7ac643000-79e824000000 rw-p 00000000 00:00 0 
79e824000000-79e828000000 ---p 00000000 00:00 0 
79e828000000-79e828021000 rw-p 00000000 00:00 0 
79e828021000-79e82c000000 ---p 00000000 00:00 0 
79e82f200000-79e835200000 ---p 00000000 00:00 0 
79e835200000-79e835379000 r--p 00000000 08:02 37126898                   /usr/lib/x86_64-linux-gnu/libcuda.so.570.124.06
79e835379000-79e836095000 r-xp 00179000 08:02 37126898                   /usr/lib/x86_64-linux-gnu/libcuda.so.570.124.06
79e836095000-79e839491000 r--p 00e95000 08:02 37126898                   /usr/lib/x86_64-linux-gnu/libcuda.so.570.124.06
79e839491000-79e83956e000 r--p 04290000 08:02 37126898                   /usr/lib/x86_64-linux-gnu/libcuda.so.570.124.06
79e83956e000-79e839612000 rw-p 0436d000 08:02 37126898                   /usr/lib/x86_64-linux-gnu/libcuda.so.570.124.06
79e839612000-79e8396c5000 rw-p 00000000 00:00 0 
79e839862000-79e846124000 r-xp 00000000 00:37 61218493                   /usr/local/TensorRT-8.6.1.6/targets/x86_64-linux-gnu/lib/libnvinfer.so.8.6.1
79e846124000-79e846125000 ---p 0c8c2000 00:37 61218493                   /usr/local/TensorRT-8.6.1.6/targets/x86_64-linux-gnu/lib/libnvinfer.so.8.6.1
79e846125000-79e846c89000 r--p 0c8c2000 00:37 61218493                   /usr/local/TensorRT-8.6.1.6/targets/x86_64-linux-gnu/lib/libnvinfer.so.8.6.1
79e846c89000-79e8478da000 rw-p 0d426000 00:37 61218493                   /usr/local/TensorRT-8.6.1.6/targets/x86_64-linux-gnu/lib/libnvinfer.so.8.6.1
79e8478da000-79e848000000 rw-p 00000000 00:00 0 
79e848000000-79e848021000 rw-p 00000000 00:00 0 
79e848021000-79e84c000000 ---p 00000000 00:00 0 
79e84c000000-79e84c021000 rw-p 00000000 00:00 0 
79e84c021000-79e850000000 ---p 00000000 00:00 0 
79e850000000-79e850021000 rw-p 00000000 00:00 0 
79e850021000-79e854000000 ---p 00000000 00:00 0 
79e854000000-79e854021000 rw-p 00000000 00:00 0 
79e854021000-79e858000000 ---p 00000000 00:00 0 
79e858000000-79e858021000 rw-p 00000000 00:00 0 
79e858021000-79e85c000000 ---p 00000000 00:00 0 
79e85c000000-79e85c021000 rw-p 00000000 00:00 0 
79e85c021000-79e860000000 ---p 00000000 00:00 0 
79e860000000-79e860021000 rw-p 00000000 00:00 0 
79e860021000-79e864000000 ---p 00000000 00:00 0 
79e864000000-79e864021000 rw-p 00000000 00:00 0 
79e864021000-79e868000000 ---p 00000000 00:00 0 
79e868000000-79e868021000 rw-p 00000000 00:00 0 
79e868021000-79e86c000000 ---p 00000000 00:00 0 
79e86c000000-79e86c021000 rw-p 00000000 00:00 0 
79e86c021000-79e870000000 ---p 00000000 00:00 0 
79e870000000-79e870021000 rw-p 00000000 00:00 0 
79e870021000-79e874000000 ---p 00000000 00:00 0 
79e874000000-79e874021000 rw-p 00000000 00:00 0 
79e874021000-79e878000000 ---p 00000000 00:00 0 
79e878000000-79e878021000 rw-p 00000000 00:00 0 
79e878021000-79e87c000000 ---p 00000000 00:00 0 
79e87c000000-79e87c021000 rw-p 00000000 00:00 0 
79e87c021000-79e880000000 ---p 00000000 00:00 0 
79e880000000-79e880021000 rw-p 00000000 00:00 0 
79e880021000-79e884000000 ---p 00000000 00:00 0 
79e884000000-79e884087000 rw-p 00000000 00:00 0 
79e884087000-79e888000000 ---p 00000000 00:00 0 
79e888000000-79e888021000 rw-p 00000000 00:00 0 
79e888021000-79e88c000000 ---p 00000000 00:00 0 
79e88c000000-79e88c021000 rw-p 00000000 00:00 0 
79e88c021000-79e890000000 ---p 00000000 00:00 0 
79e890000000-79e890021000 rw-p 00000000 00:00 0 
79e890021000-79e894000000 ---p 00000000 00:00 0 
79e894000000-79e894021000 rw-p 00000000 00:00 0 
79e894021000-79e898000000 ---p 00000000 00:00 0 
79e898000000-79e898021000 rw-p 00000000 00:00 0 
79e898021000-79e89c000000 ---p 00000000 00:00 0 
79e8a0000000-79e8a0021000 rw-p 00000000 00:00 0 
79e8a0021000-79e8a4000000 ---p 00000000 00:00 0 
79e8a8000000-79e8a8021000 rw-p 00000000 00:00 0 
79e8a8021000-79e8ac000000 ---p 00000000 00:00 0 
79e8b0000000-79e8b0021000 rw-p 00000000 00:00 0 
79e8b0021000-79e8b4000000 ---p 00000000 00:00 0 
79e8b8000000-79e8b8021000 rw-p 00000000 00:00 0 
79e8b8021000-79e8bc000000 ---p 00000000 00:00 0 
79e8c0000000-79e8c0021000 rw-p 00000000 00:00 0 
79e8c0021000-79e8c4000000 ---p 00000000 00:00 0 
79e8c8000000-79e8c8021000 rw-p 00000000 00:00 0 
79e8c8021000-79e8cc000000 ---p 00000000 00:00 0 
79e8cd610000-79e909600000 rw-p 00000000 00:00 0 
79e90c000000-79e90c021000 rw-p 00000000 00:00 0 
79e90c021000-79e910000000 ---p 00000000 00:00 0 
79e914000000-79e914021000 rw-p 00000000 00:00 0 
79e914021000-79e918000000 ---p 00000000 00:00 0 
79e91c000000-79e91c021000 rw-p 00000000 00:00 0 
79e91c021000-79e920000000 ---p 00000000 00:00 0 
79e922000000-79e924000000 ---p 00000000 00:00 0 
79e924000000-79e924021000 rw-p 00000000 00:00 0 
79e924021000-79e928000000 ---p 00000000 00:00 0 
79e92a000000-79e92a400000 ---p 00000000 00:00 0 
79e92a400000-79e92a600000 rw-s 00000000 00:06 885                        /dev/nvidiactl
79e92a600000-79e92a800000 rw-s 00000000 00:01 17438                      /dev/zero (deleted)
79e92a800000-79e92aa00000 rw-s 00000000 00:01 17439                      /dev/zero (deleted)
79e92aa00000-79e92b000000 ---p 00000000 00:00 0 
79e92b000000-79e92b200000 rw-s 00000000 00:06 885                        /dev/nvidiactl
79e92b200000-79e92b400000 rw-s 00000000 00:01 17442                      /dev/zero (deleted)
79e92b400000-79e92b577000 rw-s 00000000 00:06 885                        /dev/nvidiactl
79e92b577000-79e92c000000 ---p 00000000 00:00 0 
79e92c000000-79e92c021000 rw-p 00000000 00:00 0 
79e92c021000-79e930000000 ---p 00000000 00:00 0 
79e932ddf000-79e932de0000 rw-s 00000000 00:06 885                        /dev/nvidiactl
79e932de0000-79e932de1000 rw-s 00000000 00:06 885                        /dev/nvidiactl
79e932de1000-79e932de2000 rw-s 00000000 00:06 885                        /dev/nvidiactl
79e932de2000-79e932de3000 rw-s 00000000 00:06 885                        /dev/nvidiactl
79e932de3000-79e932de4000 rw-s 00000000 00:06 885                        /dev/nvidiactl
79e932de4000-79e932de5000 rw-s 00000000 00:06 885                        /dev/nvidiactl
79e932de5000-79e932de6000 rw-s 00000000 00:06 885                        /dev/nvidiactl
79e932de6000-79e932de7000 rw-s 00000000 00:06 885                        /dev/nvidiactl
79e932de7000-79e932de8000 rw-s 00000000 00:06 885                        /dev/nvidiactl
79e932de8000-79e932de9000 rw-s 00000000 00:06 885                        /dev/nvidiactl
79e932de9000-79e932dea000 rw-s 00000000 00:06 885                        /dev/nvidiactl
79e932dea000-79e932deb000 rw-s 00000000 00:06 885                        /dev/nvidiactl
79e932deb000-79e932dec000 rw-s 00000000 00:06 885                        /dev/nvidiactl
79e932dec000-79e932ded000 rw-s 00000000 00:06 885                        /dev/nvidiactl
79e932ded000-79e932dee000 rw-s 00000000 00:06 885                        /dev/nvidiactl
79e932dee000-79e932def000 rw-s 00000000 00:06 885                        /dev/nvidiactl
79e932def000-79e932df0000 rw-s 00000000 00:06 885                        /dev/nvidiactl
79e932df0000-79e932df1000 rw-s 00000000 00:06 885                        /dev/nvidiactl
79e932df1000-79e932df2000 rw-s 00000000 00:06 885                        /dev/nvidiactl
79e932df2000-79e932df3000 rw-s 00000000 00:06 885                        /dev/nvidiactl
79e932df3000-79e934000000 ---p 00000000 00:00 0 
79e934000000-79e934021000 rw-p 00000000 00:00 0 
79e934021000-79e938000000 ---p 00000000 00:00 0 
79e938a97000-79e938bf1000 rw-p 00000000 00:00 0 
79e938bf1000-79e938bf2000 ---p 00000000 00:00 0 
79e938bf2000-79e9393f2000 rw-p 00000000 00:00 0 
79e9393f2000-79e93a613000 ---p 00000000 00:00 0 
79e93a613000-79e93a614000 ---p 00000000 00:00 0 
79e93a614000-79e93ae14000 rw-p 00000000 00:00 0 
79e93ae14000-79e93bdd4000 r-xp 00000000 00:37 61229583                   /usr/local/lib/libopencv_core.so.4.5.4
79e93bdd4000-79e93bfd4000 ---p 00fc0000 00:37 61229583                   /usr/local/lib/libopencv_core.so.4.5.4
79e93bfd4000-79e93bfe8000 r--p 00fc0000 00:37 61229583                   /usr/local/lib/libopencv_core.so.4.5.4
79e93bfe8000-79e93bff9000 rw-p 00fd4000 00:37 61229583                   /usr/local/lib/libopencv_core.so.4.5.4
79e93bff9000-79e93c000000 rw-p 00000000 00:00 0 
79e93c000000-79e93c021000 rw-p 00000000 00:00 0 
79e93c021000-79e940000000 ---p 00000000 00:00 0 
79e940049000-79e940249000 rw-s 00000000 00:01 17440                      /dev/zero (deleted)
79e940249000-79e9407da000 rw-p 00000000 00:00 0 
79e9407da000-79e94227c000 r-xp 00000000 00:37 61229604                   /usr/local/lib/libopencv_imgproc.so.4.5.4
79e94227c000-79e94247c000 ---p 01aa2000 00:37 61229604                   /usr/local/lib/libopencv_imgproc.so.4.5.4
79e94247c000-79e94249d000 r--p 01aa2000 00:37 61229604                   /usr/local/lib/libopencv_imgproc.so.4.5.4
79e94249d000-79e9424ae000 rw-p 01ac3000 00:37 61229604                   /usr/local/lib/libopencv_imgproc.so.4.5.4
79e9424ae000-79e94254f000 rw-p 00000000 00:00 0 
79e94254f000-79e942a01000 r-xp 00000000 00:37 61229586                   /usr/local/lib/libopencv_dnn.so.4.5.4
79e942a01000-79e942c01000 ---p 004b2000 00:37 61229586                   /usr/local/lib/libopencv_dnn.so.4.5.4
79e942c01000-79e942c1d000 r--p 004b2000 00:37 61229586                   /usr/local/lib/libopencv_dnn.so.4.5.4
79e942c1d000-79e942c21000 rw-p 004ce000 00:37 61229586                   /usr/local/lib/libopencv_dnn.so.4.5.4
79e942c21000-79e942c26000 rw-p 00000000 00:00 0 
79e942c26000-79e942f97000 r-xp 00000000 00:37 61229601                   /usr/local/lib/libopencv_imgcodecs.so.4.5.4
79e942f97000-79e943196000 ---p 00371000 00:37 61229601                   /usr/local/lib/libopencv_imgcodecs.so.4.5.4
79e943196000-79e9431a1000 r--p 00370000 00:37 61229601                   /usr/local/lib/libopencv_imgcodecs.so.4.5.4
79e9431a1000-79e9431a3000 rw-p 0037b000 00:37 61229601                   /usr/local/lib/libopencv_imgcodecs.so.4.5.4
79e9431a3000-79e943205000 rw-p 00000000 00:00 0 
79e943205000-79e9434a0000 r-xp 00000000 00:37 61216484                   /usr/lib/x86_64-linux-gnu/libcrypto.so.1.1
79e9434a0000-79e94369f000 ---p 0029b000 00:37 61216484                   /usr/lib/x86_64-linux-gnu/libcrypto.so.1.1
79e94369f000-79e9436cb000 r--p 0029a000 00:37 61216484                   /usr/lib/x86_64-linux-gnu/libcrypto.so.1.1
79e9436cb000-79e9436cd000 rw-p 002c6000 00:37 61216484                   /usr/lib/x86_64-linux-gnu/libcrypto.so.1.1
79e9436cd000-79e9436d0000 rw-p 00000000 00:00 0 
79e9436d0000-79e943770000 r-xp 00000000 00:37 61228958                   /usr/local/cuda-11.8/targets/x86_64-linux/lib/libcudart.so.11.8.89
79e943770000-79e943970000 ---p 000a0000 00:37 61228958                   /usr/local/cuda-11.8/targets/x86_64-linux/lib/libcudart.so.11.8.89
79e943970000-79e943975000 r--p 000a0000 00:37 61228958                   /usr/local/cuda-11.8/targets/x86_64-linux/lib/libcudart.so.11.8.89
79e943975000-79e943976000 rw-p 000a5000 00:37 61228958                   /usr/local/cuda-11.8/targets/x86_64-linux/lib/libcudart.so.11.8.89
79e943976000-79e943977000 rw-p 00000000 00:00 0 
79e943977000-79e9439d1000 r-xp 00000000 00:37 61353571                   /root/YOLODeploy/java/libmodelprocessor.so
79e9439d1000-79e943bd0000 ---p 0005a000 00:37 61353571                   /root/YOLODeploy/java/libmodelprocessor.so
79e943bd0000-79e943bd1000 r--p 00059000 00:37 61353571                   /root/YOLODeploy/java/libmodelprocessor.so
79e943bd1000-79e943bd4000 rw-p 0005a000 00:37 61353571                   /root/YOLODeploy/java/libmodelprocessor.so
79e943bd4000-79e943bec000 r-xp 00000000 00:37 61212957                   /usr/lib/jvm/java-8-openjdk-amd64/jre/lib/amd64/libnet.so
79e943bec000-79e943deb000 ---p 00018000 00:37 61212957                   /usr/lib/jvm/java-8-openjdk-amd64/jre/lib/amd64/libnet.so
79e943deb000-79e943dec000 r--p 00017000 00:37 61212957                   /usr/lib/jvm/java-8-openjdk-amd64/jre/lib/amd64/libnet.so
79e943dec000-79e943ded000 rw-p 00018000 00:37 61212957                   /usr/lib/jvm/java-8-openjdk-amd64/jre/lib/amd64/libnet.so
79e943ded000-79e943dff000 r-xp 00000000 00:37 61212958                   /usr/lib/jvm/java-8-openjdk-amd64/jre/lib/amd64/libnio.so
79e943dff000-79e943ffe000 ---p 00012000 00:37 61212958                   /usr/lib/jvm/java-8-openjdk-amd64/jre/lib/amd64/libnio.so
79e943ffe000-79e943fff000 r--p 00011000 00:37 61212958                   /usr/lib/jvm/java-8-openjdk-amd64/jre/lib/amd64/libnio.so
79e943fff000-79e944000000 rw-p 00012000 00:37 61212958                   /usr/lib/jvm/java-8-openjdk-amd64/jre/lib/amd64/libnio.so
79e944000000-79e944021000 rw-p 00000000 00:00 0 
79e944021000-79e948000000 ---p 00000000 00:00 0 
79e94801d000-79e94805e000 rw-p 00000000 00:00 0 
79e94805e000-79e94806e000 -w-s 00000000 00:06 887                        /dev/nvidia0
79e94806e000-79e94809f000 rw-p 00000000 00:00 0 
79e94809f000-79e9480ba000 r--s 001d6000 00:37 61212991                   /usr/lib/jvm/java-8-openjdk-amd64/jre/lib/ext/nashorn.jar
79e9480ba000-79e9480bb000 ---p 00000000 00:00 0 
79e9480bb000-79e9481bb000 rw-p 00000000 00:00 0 
79e9481bb000-79e9481be000 ---p 00000000 00:00 0 
79e9481be000-79e9482bc000 rw-p 00000000 00:00 0 
79e9482bc000-79e9482bd000 ---p 00000000 00:00 0 
79e9482bd000-79e9482c0000 ---p 00000000 00:00 0 
79e9482c0000-79e9483bd000 rw-p 00000000 00:00 0 
79e9483bd000-79e9483be000 ---p 00000000 00:00 0 
79e9483be000-79e9483c1000 ---p 00000000 00:00 0 
79e9483c1000-79e9484be000 rw-p 00000000 00:00 0 
79e9484be000-79e9484bf000 ---p 00000000 00:00 0 
79e9484bf000-79e9484c2000 ---p 00000000 00:00 0 
79e9484c2000-79e9485bf000 rw-p 00000000 00:00 0 
79e9485bf000-79e9485c0000 ---p 00000000 00:00 0 
79e9485c0000-79e9485c3000 ---p 00000000 00:00 0 
79e9485c3000-79e9486c0000 rw-p 00000000 00:00 0 
79e9486c0000-79e9486c1000 ---p 00000000 00:00 0 
79e9486c1000-79e9486c4000 ---p 00000000 00:00 0 
79e9486c4000-79e9487c1000 rw-p 00000000 00:00 0 
79e9487c1000-79e9487c2000 ---p 00000000 00:00 0 
79e9487c2000-79e9487c5000 ---p 00000000 00:00 0 
79e9487c5000-79e9488c2000 rw-p 00000000 00:00 0 
79e9488c2000-79e9488c3000 ---p 00000000 00:00 0 
79e9488c3000-79e9488c6000 ---p 00000000 00:00 0 
79e9488c6000-79e9489c3000 rw-p 00000000 00:00 0 
79e9489c3000-79e9489c4000 ---p 00000000 00:00 0 
79e9489c4000-79e9489c7000 ---p 00000000 00:00 0 
79e9489c7000-79e948ac4000 rw-p 00000000 00:00 0 
79e948ac4000-79e948ac5000 ---p 00000000 00:00 0 
79e948ac5000-79e948ac8000 ---p 00000000 00:00 0 
79e948ac8000-79e948bc5000 rw-p 00000000 00:00 0 
79e948bc5000-79e948bc6000 ---p 00000000 00:00 0 
79e948bc6000-79e948bc9000 ---p 00000000 00:00 0 
79e948bc9000-79e948cc6000 rw-p 00000000 00:00 0 
79e948cc6000-79e948cc7000 ---p 00000000 00:00 0 
79e948cc7000-79e948cca000 ---p 00000000 00:00 0 
79e948cca000-79e948dc7000 rw-p 00000000 00:00 0 
79e948dc7000-79e948dc8000 ---p 00000000 00:00 0 
79e948dc8000-79e948dcb000 ---p 00000000 00:00 0 
79e948dcb000-79e948ec8000 rw-p 00000000 00:00 0 
79e948ec8000-79e948ecb000 ---p 00000000 00:00 0 
79e948ecb000-79e948fc9000 rw-p 00000000 00:00 0 
79e948fc9000-79e948fcc000 ---p 00000000 00:00 0 
79e948fcc000-79e9490ca000 rw-p 00000000 00:00 0 
79e9490ca000-79e9490cd000 ---p 00000000 00:00 0 
79e9490cd000-79e9491cb000 rw-p 00000000 00:00 0 
79e9491cb000-79e9491cc000 ---p 00000000 00:00 0 
79e9491cc000-79e9492cc000 rw-p 00000000 00:00 0 
79e9492cc000-79e94c000000 rw-p 00000000 00:00 0 
79e94c000000-79e94c021000 rw-p 00000000 00:00 0 
79e94c021000-79e950000000 ---p 00000000 00:00 0 
79e95000d000-79e950017000 r--s 00117000 00:37 61212990                   /usr/lib/jvm/java-8-openjdk-amd64/jre/lib/ext/localedata.jar
79e950017000-79e954000000 rw-p 00000000 00:00 0 
79e954000000-79e954021000 rw-p 00000000 00:00 0 
79e954021000-79e958000000 ---p 00000000 00:00 0 
79e958003000-79e958a2e000 rw-p 00000000 00:00 0 
79e958a2e000-79e958c00000 r--s 03cc5000 00:37 61213029                   /usr/lib/jvm/java-8-openjdk-amd64/jre/lib/rt.jar
79e958c00000-79e959040000 rw-p 00000000 00:00 0 
79e959040000-79e959400000 ---p 00000000 00:00 0 
79e959400000-79e9596ef000 rw-p 00000000 00:00 0 
79e9596ef000-79e9596f0000 ---p 00000000 00:00 0 
79e9596f0000-79e9597f0000 rw-p 00000000 00:00 0 
79e9597f0000-79e9597f1000 ---p 00000000 00:00 0 
79e9597f1000-79e9598f1000 rw-p 00000000 00:00 0 
79e9598f1000-79e9598f2000 ---p 00000000 00:00 0 
79e9598f2000-79e9599f2000 rw-p 00000000 00:00 0 
79e9599f2000-79e9599f3000 ---p 00000000 00:00 0 
79e9599f3000-79e959af3000 rw-p 00000000 00:00 0 
79e959af3000-79e959af4000 ---p 00000000 00:00 0 
79e959af4000-79e959bf4000 rw-p 00000000 00:00 0 
79e959bf4000-79e959bf5000 ---p 00000000 00:00 0 
79e959bf5000-79e959cf5000 rw-p 00000000 00:00 0 
79e959cf5000-79e959cf6000 ---p 00000000 00:00 0 
79e959cf6000-79e959df6000 rw-p 00000000 00:00 0 
79e959df6000-79e959df7000 ---p 00000000 00:00 0 
79e959df7000-79e959ef7000 rw-p 00000000 00:00 0 
79e959ef7000-79e959ef8000 ---p 00000000 00:00 0 
79e959ef8000-79e959ff8000 rw-p 00000000 00:00 0 
79e959ff8000-79e959ff9000 ---p 00000000 00:00 0 
79e959ff9000-79e95a0f9000 rw-p 00000000 00:00 0 
79e95a0f9000-79e95a0fa000 ---p 00000000 00:00 0 
79e95a0fa000-79e95a1fa000 rw-p 00000000 00:00 0 
79e95a1fa000-79e95a1fb000 ---p 00000000 00:00 0 
79e95a1fb000-79e95a2fb000 rw-p 00000000 00:00 0 
79e95a2fb000-79e95a2fc000 ---p 00000000 00:00 0 
79e95a2fc000-79e95a3fc000 rw-p 00000000 00:00 0 
79e95a3fc000-79e95a3fd000 ---p 00000000 00:00 0 
79e95a3fd000-79e95a4fd000 rw-p 00000000 00:00 0 
79e95a4fd000-79e95a4fe000 ---p 00000000 00:00 0 
79e95a4fe000-79e95a5fe000 rw-p 00000000 00:00 0 
79e95a5fe000-79e95a5ff000 ---p 00000000 00:00 0 
79e95a5ff000-79e95a6ff000 rw-p 00000000 00:00 0 
79e95a6ff000-79e95a700000 ---p 00000000 00:00 0 
79e95a700000-79e95a800000 rw-p 00000000 00:00 0 
79e95a800000-79e95aaab000 rw-p 00000000 00:00 0 
79e95aaab000-79e95d000000 ---p 00000000 00:00 0 
79e95d000000-79e95d2ab000 rw-p 00000000 00:00 0 
79e95d2ab000-79e95f7ff000 ---p 00000000 00:00 0 
79e95f7ff000-79e95f955000 rw-p 00000000 00:00 0 
79e95f955000-79e960bff000 ---p 00000000 00:00 0 
79e960bff000-79e960c00000 rw-p 00000000 00:00 0 
79e960c03000-79e960c1f000 r--s 00394000 00:37 61212984                   /usr/lib/jvm/java-8-openjdk-amd64/jre/lib/ext/cldrdata.jar
79e960c1f000-79e960c4b000 rw-p 00000000 00:00 0 
79e960c4b000-79e961000000 ---p 00000000 00:00 0 
79e961000000-79e9612c0000 rwxp 00000000 00:00 0 
79e9612c0000-79e970000000 ---p 00000000 00:00 0 
79e970000000-79e970e7d000 rw-p 00000000 00:00 0 
79e970e7d000-79e974000000 ---p 00000000 00:00 0 
79e974003000-79e974009000 r--s 0003e000 00:37 61212993                   /usr/lib/jvm/java-8-openjdk-amd64/jre/lib/ext/sunjce_provider.jar
79e974009000-79e97402a000 rw-p 00000000 00:00 0 
79e97402a000-79e97402b000 ---p 00000000 00:00 0 
79e97402b000-79e97412b000 rw-p 00000000 00:00 0 
79e97412b000-79e974133000 r-xp 00000000 00:37 61212966                   /usr/lib/jvm/java-8-openjdk-amd64/jre/lib/amd64/libzip.so
79e974133000-79e974332000 ---p 00008000 00:37 61212966                   /usr/lib/jvm/java-8-openjdk-amd64/jre/lib/amd64/libzip.so
79e974332000-79e974333000 r--p 00007000 00:37 61212966                   /usr/lib/jvm/java-8-openjdk-amd64/jre/lib/amd64/libzip.so
79e974333000-79e974334000 rw-p 00008000 00:37 61212966                   /usr/lib/jvm/java-8-openjdk-amd64/jre/lib/amd64/libzip.so
79e974334000-79e97433f000 r-xp 00000000 00:37 61112162                   /lib/x86_64-linux-gnu/libnss_files-2.27.so
79e97433f000-79e97453e000 ---p 0000b000 00:37 61112162                   /lib/x86_64-linux-gnu/libnss_files-2.27.so
79e97453e000-79e97453f000 r--p 0000a000 00:37 61112162                   /lib/x86_64-linux-gnu/libnss_files-2.27.so
79e97453f000-79e974540000 rw-p 0000b000 00:37 61112162                   /lib/x86_64-linux-gnu/libnss_files-2.27.so
79e974540000-79e974546000 rw-p 00000000 00:00 0 
79e974546000-79e97455d000 r-xp 00000000 00:37 61112156                   /lib/x86_64-linux-gnu/libnsl-2.27.so
79e97455d000-79e97475c000 ---p 00017000 00:37 61112156                   /lib/x86_64-linux-gnu/libnsl-2.27.so
79e97475c000-79e97475d000 r--p 00016000 00:37 61112156                   /lib/x86_64-linux-gnu/libnsl-2.27.so
79e97475d000-79e97475e000 rw-p 00017000 00:37 61112156                   /lib/x86_64-linux-gnu/libnsl-2.27.so
79e97475e000-79e974760000 rw-p 00000000 00:00 0 
79e974760000-79e97476b000 r-xp 00000000 00:37 61112166                   /lib/x86_64-linux-gnu/libnss_nis-2.27.so
79e97476b000-79e97496a000 ---p 0000b000 00:37 61112166                   /lib/x86_64-linux-gnu/libnss_nis-2.27.so
79e97496a000-79e97496b000 r--p 0000a000 00:37 61112166                   /lib/x86_64-linux-gnu/libnss_nis-2.27.so
79e97496b000-79e97496c000 rw-p 0000b000 00:37 61112166                   /lib/x86_64-linux-gnu/libnss_nis-2.27.so
79e97496c000-79e974974000 r-xp 00000000 00:37 61112158                   /lib/x86_64-linux-gnu/libnss_compat-2.27.so
79e974974000-79e974b74000 ---p 00008000 00:37 61112158                   /lib/x86_64-linux-gnu/libnss_compat-2.27.so
79e974b74000-79e974b75000 r--p 00008000 00:37 61112158                   /lib/x86_64-linux-gnu/libnss_compat-2.27.so
79e974b75000-79e974b76000 rw-p 00009000 00:37 61112158                   /lib/x86_64-linux-gnu/libnss_compat-2.27.so
79e974b76000-79e974ba0000 r-xp 00000000 00:37 61212945                   /usr/lib/jvm/java-8-openjdk-amd64/jre/lib/amd64/libjava.so
79e974ba0000-79e974da0000 ---p 0002a000 00:37 61212945                   /usr/lib/jvm/java-8-openjdk-amd64/jre/lib/amd64/libjava.so
79e974da0000-79e974da1000 r--p 0002a000 00:37 61212945                   /usr/lib/jvm/java-8-openjdk-amd64/jre/lib/amd64/libjava.so
79e974da1000-79e974da3000 rw-p 0002b000 00:37 61212945                   /usr/lib/jvm/java-8-openjdk-amd64/jre/lib/amd64/libjava.so
79e974da3000-79e974db3000 r-xp 00000000 00:37 61212965                   /usr/lib/jvm/java-8-openjdk-amd64/jre/lib/amd64/libverify.so
79e974db3000-79e974fb2000 ---p 00010000 00:37 61212965                   /usr/lib/jvm/java-8-openjdk-amd64/jre/lib/amd64/libverify.so
79e974fb2000-79e974fb4000 r--p 0000f000 00:37 61212965                   /usr/lib/jvm/java-8-openjdk-amd64/jre/lib/amd64/libverify.so
79e974fb4000-79e974fb5000 rw-p 00011000 00:37 61212965                   /usr/lib/jvm/java-8-openjdk-amd64/jre/lib/amd64/libverify.so
79e974fb5000-79e974fbc000 r-xp 00000000 00:37 61112187                   /lib/x86_64-linux-gnu/librt-2.27.so
79e974fbc000-79e9751bb000 ---p 00007000 00:37 61112187                   /lib/x86_64-linux-gnu/librt-2.27.so
79e9751bb000-79e9751bc000 r--p 00006000 00:37 61112187                   /lib/x86_64-linux-gnu/librt-2.27.so
79e9751bc000-79e9751bd000 rw-p 00007000 00:37 61112187                   /lib/x86_64-linux-gnu/librt-2.27.so
79e9751bd000-79e9751d4000 r-xp 00000000 00:37 61112132                   /lib/x86_64-linux-gnu/libgcc_s.so.1
79e9751d4000-79e9753d3000 ---p 00017000 00:37 61112132                   /lib/x86_64-linux-gnu/libgcc_s.so.1
79e9753d3000-79e9753d4000 r--p 00016000 00:37 61112132                   /lib/x86_64-linux-gnu/libgcc_s.so.1
79e9753d4000-79e9753d5000 rw-p 00017000 00:37 61112132                   /lib/x86_64-linux-gnu/libgcc_s.so.1
79e9753d5000-79e975572000 r-xp 00000000 00:37 61112145                   /lib/x86_64-linux-gnu/libm-2.27.so
79e975572000-79e975771000 ---p 0019d000 00:37 61112145                   /lib/x86_64-linux-gnu/libm-2.27.so
79e975771000-79e975772000 r--p 0019c000 00:37 61112145                   /lib/x86_64-linux-gnu/libm-2.27.so
79e975772000-79e975773000 rw-p 0019d000 00:37 61112145                   /lib/x86_64-linux-gnu/libm-2.27.so
79e975773000-79e9758ec000 r-xp 00000000 00:37 61216772                   /usr/lib/x86_64-linux-gnu/libstdc++.so.6.0.25
79e9758ec000-79e975aec000 ---p 00179000 00:37 61216772                   /usr/lib/x86_64-linux-gnu/libstdc++.so.6.0.25
79e975aec000-79e975af6000 r--p 00179000 00:37 61216772                   /usr/lib/x86_64-linux-gnu/libstdc++.so.6.0.25
79e975af6000-79e975af8000 rw-p 00183000 00:37 61216772                   /usr/lib/x86_64-linux-gnu/libstdc++.so.6.0.25
79e975af8000-79e975afc000 rw-p 00000000 00:00 0 
79e975afc000-79e976874000 r-xp 00000000 00:37 61212971                   /usr/lib/jvm/java-8-openjdk-amd64/jre/lib/amd64/server/libjvm.so
79e976874000-79e976a74000 ---p 00d78000 00:37 61212971                   /usr/lib/jvm/java-8-openjdk-amd64/jre/lib/amd64/server/libjvm.so
79e976a74000-79e976b0a000 r--p 00d78000 00:37 61212971                   /usr/lib/jvm/java-8-openjdk-amd64/jre/lib/amd64/server/libjvm.so
79e976b0a000-79e976b33000 rw-p 00e0e000 00:37 61212971                   /usr/lib/jvm/java-8-openjdk-amd64/jre/lib/amd64/server/libjvm.so
79e976b33000-79e976b66000 rw-p 00000000 00:00 0 
79e976b66000-79e976b80000 r-xp 00000000 00:37 61112181                   /lib/x86_64-linux-gnu/libpthread-2.27.so
79e976b80000-79e976d7f000 ---p 0001a000 00:37 61112181                   /lib/x86_64-linux-gnu/libpthread-2.27.so
79e976d7f000-79e976d80000 r--p 00019000 00:37 61112181                   /lib/x86_64-linux-gnu/libpthread-2.27.so
79e976d80000-79e976d81000 rw-p 0001a000 00:37 61112181                   /lib/x86_64-linux-gnu/libpthread-2.27.so
79e976d81000-79e976d85000 rw-p 00000000 00:00 0 
79e976d85000-79e976d88000 r-xp 00000000 00:37 61112122                   /lib/x86_64-linux-gnu/libdl-2.27.so
79e976d88000-79e976f87000 ---p 00003000 00:37 61112122                   /lib/x86_64-linux-gnu/libdl-2.27.so
79e976f87000-79e976f88000 r--p 00002000 00:37 61112122                   /lib/x86_64-linux-gnu/libdl-2.27.so
79e976f88000-79e976f89000 rw-p 00003000 00:37 61112122                   /lib/x86_64-linux-gnu/libdl-2.27.so
79e976f89000-79e976fa5000 r-xp 00000000 00:37 61112212                   /lib/x86_64-linux-gnu/libz.so.1.2.11
79e976fa5000-79e9771a4000 ---p 0001c000 00:37 61112212                   /lib/x86_64-linux-gnu/libz.so.1.2.11
79e9771a4000-79e9771a5000 r--p 0001b000 00:37 61112212                   /lib/x86_64-linux-gnu/libz.so.1.2.11
79e9771a5000-79e9771a6000 rw-p 0001c000 00:37 61112212                   /lib/x86_64-linux-gnu/libz.so.1.2.11
79e9771a6000-79e97738d000 r-xp 00000000 00:37 61112110                   /lib/x86_64-linux-gnu/libc-2.27.so
79e97738d000-79e97758d000 ---p 001e7000 00:37 61112110                   /lib/x86_64-linux-gnu/libc-2.27.so
79e97758d000-79e977591000 r--p 001e7000 00:37 61112110                   /lib/x86_64-linux-gnu/libc-2.27.so
79e977591000-79e977593000 rw-p 001eb000 00:37 61112110                   /lib/x86_64-linux-gnu/libc-2.27.so
79e977593000-79e977597000 rw-p 00000000 00:00 0 
79e977597000-79e9775a5000 r-xp 00000000 00:37 61212929                   /usr/lib/jvm/java-8-openjdk-amd64/jre/lib/amd64/jli/libjli.so
79e9775a5000-79e9777a4000 ---p 0000e000 00:37 61212929                   /usr/lib/jvm/java-8-openjdk-amd64/jre/lib/amd64/jli/libjli.so
79e9777a4000-79e9777a5000 r--p 0000d000 00:37 61212929                   /usr/lib/jvm/java-8-openjdk-amd64/jre/lib/amd64/jli/libjli.so
79e9777a5000-79e9777a6000 rw-p 0000e000 00:37 61212929                   /usr/lib/jvm/java-8-openjdk-amd64/jre/lib/amd64/jli/libjli.so
79e9777a6000-79e9777cf000 r-xp 00000000 00:37 61112088                   /lib/x86_64-linux-gnu/ld-2.27.so
79e9777d2000-79e9777d3000 r--s 00000000 00:06 885                        /dev/nvidiactl
79e9777d3000-79e9777d5000 r--s 00001000 00:37 61212985                   /usr/lib/jvm/java-8-openjdk-amd64/jre/lib/ext/dnsns.jar
79e9777d5000-79e9777d7000 r--s 00008000 00:37 61212992                   /usr/lib/jvm/java-8-openjdk-amd64/jre/lib/ext/sunec.jar
79e9777d7000-79e9777d9000 r--s 00007000 00:37 61343571                   /usr/share/java/java-atk-wrapper.jar
79e9777d9000-79e9777da000 r--s 0000a000 00:37 61212987                   /usr/lib/jvm/java-8-openjdk-amd64/jre/lib/ext/jaccess.jar
79e9777da000-79e9777dd000 r--s 0000f000 00:37 61212986                   /usr/lib/jvm/java-8-openjdk-amd64/jre/lib/ext/icedtea-sound.jar
79e9777dd000-79e9777e4000 r--s 000d3000 00:37 61213014                   /usr/lib/jvm/java-8-openjdk-amd64/jre/lib/jfr.jar
79e9777e4000-79e9778b5000 rw-p 00000000 00:00 0 
79e9778b5000-79e9778bd000 rw-s 00000000 00:37 61353211                   /tmp/hsperfdata_root/217599
79e9778bd000-79e9778be000 ---p 00000000 00:00 0 
79e9778be000-79e9778c1000 ---p 00000000 00:00 0 
79e9778c1000-79e9779be000 rw-p 00000000 00:00 0 
79e9779be000-79e9779c0000 rw-p 00000000 00:00 0 
79e9779c0000-79e9779c2000 r--s 00010000 00:37 61212995                   /usr/lib/jvm/java-8-openjdk-amd64/jre/lib/ext/zipfs.jar
79e9779c2000-79e9779c5000 r--s 00042000 00:37 61212994                   /usr/lib/jvm/java-8-openjdk-amd64/jre/lib/ext/sunpkcs11.jar
79e9779c5000-79e9779c6000 rw-p 00000000 00:00 0 
79e9779c6000-79e9779c7000 r--p 00000000 00:00 0 
79e9779c7000-79e9779c9000 rw-p 00000000 00:00 0 
79e9779c9000-79e9779cd000 r--p 00000000 00:00 0                          [vvar]
79e9779cd000-79e9779cf000 r-xp 00000000 00:00 0                          [vdso]
79e9779cf000-79e9779d0000 r--p 00029000 00:37 61112088                   /lib/x86_64-linux-gnu/ld-2.27.so
79e9779d0000-79e9779d1000 rw-p 0002a000 00:37 61112088                   /lib/x86_64-linux-gnu/ld-2.27.so
79e9779d1000-79e9779d2000 rw-p 00000000 00:00 0 
7ffd12a16000-7ffd12a37000 rw-p 00000000 00:00 0                          [stack]
ffffffffff600000-ffffffffff601000 --xp 00000000 00:00 0                  [vsyscall]

VM Arguments:
java_command: ModelProcessor
java_class_path (initial): .
Launcher Type: SUN_STANDARD

Environment Variables:
PATH=/usr/local/TensorRT-8.6.1.6/bin:/usr/local/cuda/bin:/root/.vscode-server/bin/695af097c7bd098fbf017ce3ac85e09bbc5dda06/bin/remote-cli:/usr/local/TensorRT-8.6.1.6/bin:/usr/local/cuda/bin:/usr/local/sbin:/usr/local/bin:/usr/sbin:/usr/bin:/sbin:/bin
LD_LIBRARY_PATH=/usr/local/TensorRT-8.6.1.6/lib:/usr/local/cuda/lib64:/usr/local/TensorRT-8.6.1.6/lib:/usr/local/cuda/lib64:
SHELL=/bin/bash

Signal Handlers:
SIGSEGV: [libjvm.so+0xb74e70], sa_mask[0]=11111111011111111101111111111110, sa_flags=SA_RESTART|SA_SIGINFO
SIGBUS: [libjvm.so+0xb74e70], sa_mask[0]=11111111011111111101111111111110, sa_flags=SA_RESTART|SA_SIGINFO
SIGFPE: [libjvm.so+0x993ec0], sa_mask[0]=11111111011111111101111111111110, sa_flags=SA_RESTART|SA_SIGINFO
SIGPIPE: [libjvm.so+0x993ec0], sa_mask[0]=11111111011111111101111111111110, sa_flags=SA_RESTART|SA_SIGINFO
SIGXFSZ: [libjvm.so+0x993ec0], sa_mask[0]=11111111011111111101111111111110, sa_flags=SA_RESTART|SA_SIGINFO
SIGILL: [libjvm.so+0x993ec0], sa_mask[0]=11111111011111111101111111111110, sa_flags=SA_RESTART|SA_SIGINFO
SIGUSR1: SIG_DFL, sa_mask[0]=00000000000000000000000000000000, sa_flags=none
SIGUSR2: [libjvm.so+0x9944a0], sa_mask[0]=00000000000000000000000000000000, sa_flags=SA_RESTART|SA_SIGINFO
SIGHUP: [libjvm.so+0x9943e0], sa_mask[0]=11111111011111111101111111111110, sa_flags=SA_RESTART|SA_SIGINFO
SIGINT: [libjvm.so+0x9943e0], sa_mask[0]=11111111011111111101111111111110, sa_flags=SA_RESTART|SA_SIGINFO
SIGTERM: [libjvm.so+0x9943e0], sa_mask[0]=11111111011111111101111111111110, sa_flags=SA_RESTART|SA_SIGINFO
SIGQUIT: [libjvm.so+0x9943e0], sa_mask[0]=11111111011111111101111111111110, sa_flags=SA_RESTART|SA_SIGINFO


---------------  S Y S T E M  ---------------

OS:DISTRIB_ID=Ubuntu
DISTRIB_RELEASE=18.04
DISTRIB_CODENAME=bionic
DISTRIB_DESCRIPTION="Ubuntu 18.04.6 LTS"

uname:Linux 6.11.0-21-generic #21~24.04.1-Ubuntu SMP PREEMPT_DYNAMIC Mon Feb 24 16:52:15 UTC 2 x86_64
libc:glibc 2.27 NPTL 2.27 
rlimit: STACK 8192k, CORE infinity, NPROC infinity, NOFILE 1048576, AS infinity
load average:0.43 0.35 0.44

/proc/meminfo:
MemTotal:       197357760 kB
MemFree:        172602712 kB
MemAvailable:   186942424 kB
Buffers:          494000 kB
Cached:         15125816 kB
SwapCached:            0 kB
Active:          7883260 kB
Inactive:        9322872 kB
Active(anon):    1608396 kB
Inactive(anon):        0 kB
Active(file):    6274864 kB
Inactive(file):  9322872 kB
Unevictable:        6224 kB
Mlocked:              64 kB
SwapTotal:       8388604 kB
SwapFree:        8388604 kB
Zswap:                 0 kB
Zswapped:              0 kB
Dirty:               104 kB
Writeback:             0 kB
AnonPages:       1593068 kB
Mapped:           778496 kB
Shmem:             22060 kB
KReclaimable:     498752 kB
Slab:            1171760 kB
SReclaimable:     498752 kB
SUnreclaim:       673008 kB
KernelStack:       20896 kB
PageTables:        44984 kB
SecPageTables:      9164 kB
NFS_Unstable:          0 kB
Bounce:                0 kB
WritebackTmp:          0 kB
CommitLimit:    107067484 kB
Committed_AS:   13855608 kB
VmallocTotal:   34359738367 kB
VmallocUsed:       75908 kB
VmallocChunk:          0 kB
Percpu:            45024 kB
HardwareCorrupted:     0 kB
AnonHugePages:     14336 kB
ShmemHugePages:        0 kB
ShmemPmdMapped:        0 kB
FileHugePages:         0 kB
FilePmdMapped:         0 kB
Unaccepted:            0 kB
HugePages_Total:       0
HugePages_Free:        0
HugePages_Rsvd:        0
HugePages_Surp:        0
Hugepagesize:       2048 kB
Hugetlb:               0 kB
DirectMap4k:     1532928 kB
DirectMap2M:    21026816 kB
DirectMap1G:    180355072 kB

container (cgroup) information:
container_type: cgroupv2
cpu_cpuset_cpus: failed
cpu_memory_nodes: failed
active_processor_count: 24
cpu_quota: -1
cpu_period: 100000
cpu_shares: -1
memory_limit_in_bytes: -1
memory_and_swap_limit_in_bytes: -1
memory_soft_limit_in_bytes: 0
memory_usage_in_bytes: 4931829760
memory_max_usage_in_bytes: -2


CPU:total 24 (initial active 24) (12 cores per cpu, 2 threads per core) family 6 model 85 stepping 7, cmov, cx8, fxsr, mmx, sse, sse2, sse3, ssse3, sse4.1, sse4.2, popcnt, avx, avx2, aes, clmul, erms, 3dnowpref, lzcnt, ht, tsc, tscinvbit, bmi1, bmi2, adx

/proc/cpuinfo:
processor	: 0
vendor_id	: GenuineIntel
cpu family	: 6
model		: 85
model name	: Intel(R) Xeon(R) Silver 4214 CPU @ 2.20GHz
stepping	: 7
microcode	: 0x5003707
cpu MHz		: 1000.000
cache size	: 16896 KB
physical id	: 0
siblings	: 24
core id		: 0
cpu cores	: 12
apicid		: 0
initial apicid	: 0
fpu		: yes
fpu_exception	: yes
cpuid level	: 22
wp		: yes
flags		: fpu vme de pse tsc msr pae mce cx8 apic sep mtrr pge mca cmov pat pse36 clflush dts acpi mmx fxsr sse sse2 ss ht tm pbe syscall nx pdpe1gb rdtscp lm constant_tsc art arch_perfmon pebs bts rep_good nopl xtopology nonstop_tsc cpuid aperfmperf pni pclmulqdq dtes64 ds_cpl vmx smx est tm2 ssse3 sdbg fma cx16 xtpr pdcm pcid dca sse4_1 sse4_2 x2apic movbe popcnt tsc_deadline_timer aes xsave avx f16c rdrand lahf_lm abm 3dnowprefetch cpuid_fault epb cat_l3 cdp_l3 ssbd mba ibrs ibpb stibp ibrs_enhanced tpr_shadow flexpriority ept vpid ept_ad fsgsbase tsc_adjust bmi1 avx2 smep bmi2 erms invpcid cqm mpx rdt_a avx512f avx512dq rdseed adx smap clflushopt clwb intel_pt avx512cd avx512bw avx512vl xsaveopt xsavec xgetbv1 xsaves cqm_llc cqm_occup_llc cqm_mbm_total cqm_mbm_local dtherm ida arat pln pts vnmi pku ospke avx512_vnni md_clear flush_l1d arch_capabilities
vmx flags	: vnmi preemption_timer posted_intr invvpid ept_x_only ept_ad ept_1gb flexpriority apicv tsc_offset vtpr mtf vapic ept vpid unrestricted_guest vapic_reg vid ple shadow_vmcs pml ept_violation_ve ept_mode_based_exec tsc_scaling
bugs		: spectre_v1 spectre_v2 spec_store_bypass swapgs taa itlb_multihit mmio_stale_data retbleed eibrs_pbrsb gds bhi
bogomips	: 4400.00
clflush size	: 64
cache_alignment	: 64
address sizes	: 46 bits physical, 48 bits virtual
power management:

processor	: 1
vendor_id	: GenuineIntel
cpu family	: 6
model		: 85
model name	: Intel(R) Xeon(R) Silver 4214 CPU @ 2.20GHz
stepping	: 7
microcode	: 0x5003707
cpu MHz		: 999.914
cache size	: 16896 KB
physical id	: 0
siblings	: 24
core id		: 1
cpu cores	: 12
apicid		: 2
initial apicid	: 2
fpu		: yes
fpu_exception	: yes
cpuid level	: 22
wp		: yes
flags		: fpu vme de pse tsc msr pae mce cx8 apic sep mtrr pge mca cmov pat pse36 clflush dts acpi mmx fxsr sse sse2 ss ht tm pbe syscall nx pdpe1gb rdtscp lm constant_tsc art arch_perfmon pebs bts rep_good nopl xtopology nonstop_tsc cpuid aperfmperf pni pclmulqdq dtes64 ds_cpl vmx smx est tm2 ssse3 sdbg fma cx16 xtpr pdcm pcid dca sse4_1 sse4_2 x2apic movbe popcnt tsc_deadline_timer aes xsave avx f16c rdrand lahf_lm abm 3dnowprefetch cpuid_fault epb cat_l3 cdp_l3 ssbd mba ibrs ibpb stibp ibrs_enhanced tpr_shadow flexpriority ept vpid ept_ad fsgsbase tsc_adjust bmi1 avx2 smep bmi2 erms invpcid cqm mpx rdt_a avx512f avx512dq rdseed adx smap clflushopt clwb intel_pt avx512cd avx512bw avx512vl xsaveopt xsavec xgetbv1 xsaves cqm_llc cqm_occup_llc cqm_mbm_total cqm_mbm_local dtherm ida arat pln pts vnmi pku ospke avx512_vnni md_clear flush_l1d arch_capabilities
vmx flags	: vnmi preemption_timer posted_intr invvpid ept_x_only ept_ad ept_1gb flexpriority apicv tsc_offset vtpr mtf vapic ept vpid unrestricted_guest vapic_reg vid ple shadow_vmcs pml ept_violation_ve ept_mode_based_exec tsc_scaling
bugs		: spectre_v1 spectre_v2 spec_store_bypass swapgs taa itlb_multihit mmio_stale_data retbleed eibrs_pbrsb gds bhi
bogomips	: 4400.00
clflush size	: 64
cache_alignment	: 64
address sizes	: 46 bits physical, 48 bits virtual
power management:

processor	: 2
vendor_id	: GenuineIntel
cpu family	: 6
model		: 85
model name	: Intel(R) Xeon(R) Silver 4214 CPU @ 2.20GHz
stepping	: 7
microcode	: 0x5003707
cpu MHz		: 1000.231
cache size	: 16896 KB
physical id	: 0
siblings	: 24
core id		: 2
cpu cores	: 12
apicid		: 4
initial apicid	: 4
fpu		: yes
fpu_exception	: yes
cpuid level	: 22
wp		: yes
flags		: fpu vme de pse tsc msr pae mce cx8 apic sep mtrr pge mca cmov pat pse36 clflush dts acpi mmx fxsr sse sse2 ss ht tm pbe syscall nx pdpe1gb rdtscp lm constant_tsc art arch_perfmon pebs bts rep_good nopl xtopology nonstop_tsc cpuid aperfmperf pni pclmulqdq dtes64 ds_cpl vmx smx est tm2 ssse3 sdbg fma cx16 xtpr pdcm pcid dca sse4_1 sse4_2 x2apic movbe popcnt tsc_deadline_timer aes xsave avx f16c rdrand lahf_lm abm 3dnowprefetch cpuid_fault epb cat_l3 cdp_l3 ssbd mba ibrs ibpb stibp ibrs_enhanced tpr_shadow flexpriority ept vpid ept_ad fsgsbase tsc_adjust bmi1 avx2 smep bmi2 erms invpcid cqm mpx rdt_a avx512f avx512dq rdseed adx smap clflushopt clwb intel_pt avx512cd avx512bw avx512vl xsaveopt xsavec xgetbv1 xsaves cqm_llc cqm_occup_llc cqm_mbm_total cqm_mbm_local dtherm ida arat pln pts vnmi pku ospke avx512_vnni md_clear flush_l1d arch_capabilities
vmx flags	: vnmi preemption_timer posted_intr invvpid ept_x_only ept_ad ept_1gb flexpriority apicv tsc_offset vtpr mtf vapic ept vpid unrestricted_guest vapic_reg vid ple shadow_vmcs pml ept_violation_ve ept_mode_based_exec tsc_scaling
bugs		: spectre_v1 spectre_v2 spec_store_bypass swapgs taa itlb_multihit mmio_stale_data retbleed eibrs_pbrsb gds bhi
bogomips	: 4400.00
clflush size	: 64
cache_alignment	: 64
address sizes	: 46 bits physical, 48 bits virtual
power management:

processor	: 3
vendor_id	: GenuineIntel
cpu family	: 6
model		: 85
model name	: Intel(R) Xeon(R) Silver 4214 CPU @ 2.20GHz
stepping	: 7
microcode	: 0x5003707
cpu MHz		: 1280.903
cache size	: 16896 KB
physical id	: 0
siblings	: 24
core id		: 3
cpu cores	: 12
apicid		: 6
initial apicid	: 6
fpu		: yes
fpu_exception	: yes
cpuid level	: 22
wp		: yes
flags		: fpu vme de pse tsc msr pae mce cx8 apic sep mtrr pge mca cmov pat pse36 clflush dts acpi mmx fxsr sse sse2 ss ht tm pbe syscall nx pdpe1gb rdtscp lm constant_tsc art arch_perfmon pebs bts rep_good nopl xtopology nonstop_tsc cpuid aperfmperf pni pclmulqdq dtes64 ds_cpl vmx smx est tm2 ssse3 sdbg fma cx16 xtpr pdcm pcid dca sse4_1 sse4_2 x2apic movbe popcnt tsc_deadline_timer aes xsave avx f16c rdrand lahf_lm abm 3dnowprefetch cpuid_fault epb cat_l3 cdp_l3 ssbd mba ibrs ibpb stibp ibrs_enhanced tpr_shadow flexpriority ept vpid ept_ad fsgsbase tsc_adjust bmi1 avx2 smep bmi2 erms invpcid cqm mpx rdt_a avx512f avx512dq rdseed adx smap clflushopt clwb intel_pt avx512cd avx512bw avx512vl xsaveopt xsavec xgetbv1 xsaves cqm_llc cqm_occup_llc cqm_mbm_total cqm_mbm_local dtherm ida arat pln pts vnmi pku ospke avx512_vnni md_clear flush_l1d arch_capabilities
vmx flags	: vnmi preemption_timer posted_intr invvpid ept_x_only ept_ad ept_1gb flexpriority apicv tsc_offset vtpr mtf vapic ept vpid unrestricted_guest vapic_reg vid ple shadow_vmcs pml ept_violation_ve ept_mode_based_exec tsc_scaling
bugs		: spectre_v1 spectre_v2 spec_store_bypass swapgs taa itlb_multihit mmio_stale_data retbleed eibrs_pbrsb gds bhi
bogomips	: 4400.00
clflush size	: 64
cache_alignment	: 64
address sizes	: 46 bits physical, 48 bits virtual
power management:

processor	: 4
vendor_id	: GenuineIntel
cpu family	: 6
model		: 85
model name	: Intel(R) Xeon(R) Silver 4214 CPU @ 2.20GHz
stepping	: 7
microcode	: 0x5003707
cpu MHz		: 1000.000
cache size	: 16896 KB
physical id	: 0
siblings	: 24
core id		: 4
cpu cores	: 12
apicid		: 8
initial apicid	: 8
fpu		: yes
fpu_exception	: yes
cpuid level	: 22
wp		: yes
flags		: fpu vme de pse tsc msr pae mce cx8 apic sep mtrr pge mca cmov pat pse36 clflush dts acpi mmx fxsr sse sse2 ss ht tm pbe syscall nx pdpe1gb rdtscp lm constant_tsc art arch_perfmon pebs bts rep_good nopl xtopology nonstop_tsc cpuid aperfmperf pni pclmulqdq dtes64 ds_cpl vmx smx est tm2 ssse3 sdbg fma cx16 xtpr pdcm pcid dca sse4_1 sse4_2 x2apic movbe popcnt tsc_deadline_timer aes xsave avx f16c rdrand lahf_lm abm 3dnowprefetch cpuid_fault epb cat_l3 cdp_l3 ssbd mba ibrs ibpb stibp ibrs_enhanced tpr_shadow flexpriority ept vpid ept_ad fsgsbase tsc_adjust bmi1 avx2 smep bmi2 erms invpcid cqm mpx rdt_a avx512f avx512dq rdseed adx smap clflushopt clwb intel_pt avx512cd avx512bw avx512vl xsaveopt xsavec xgetbv1 xsaves cqm_llc cqm_occup_llc cqm_mbm_total cqm_mbm_local dtherm ida arat pln pts vnmi pku ospke avx512_vnni md_clear flush_l1d arch_capabilities
vmx flags	: vnmi preemption_timer posted_intr invvpid ept_x_only ept_ad ept_1gb flexpriority apicv tsc_offset vtpr mtf vapic ept vpid unrestricted_guest vapic_reg vid ple shadow_vmcs pml ept_violation_ve ept_mode_based_exec tsc_scaling
bugs		: spectre_v1 spectre_v2 spec_store_bypass swapgs taa itlb_multihit mmio_stale_data retbleed eibrs_pbrsb gds bhi
bogomips	: 4400.00
clflush size	: 64
cache_alignment	: 64
address sizes	: 46 bits physical, 48 bits virtual
power management:

processor	: 5
vendor_id	: GenuineIntel
cpu family	: 6
model		: 85
model name	: Intel(R) Xeon(R) Silver 4214 CPU @ 2.20GHz
stepping	: 7
microcode	: 0x5003707
cpu MHz		: 1996.610
cache size	: 16896 KB
physical id	: 0
siblings	: 24
core id		: 5
cpu cores	: 12
apicid		: 10
initial apicid	: 10
fpu		: yes
fpu_exception	: yes
cpuid level	: 22
wp		: yes
flags		: fpu vme de pse tsc msr pae mce cx8 apic sep mtrr pge mca cmov pat pse36 clflush dts acpi mmx fxsr sse sse2 ss ht tm pbe syscall nx pdpe1gb rdtscp lm constant_tsc art arch_perfmon pebs bts rep_good nopl xtopology nonstop_tsc cpuid aperfmperf pni pclmulqdq dtes64 ds_cpl vmx smx est tm2 ssse3 sdbg fma cx16 xtpr pdcm pcid dca sse4_1 sse4_2 x2apic movbe popcnt tsc_deadline_timer aes xsave avx f16c rdrand lahf_lm abm 3dnowprefetch cpuid_fault epb cat_l3 cdp_l3 ssbd mba ibrs ibpb stibp ibrs_enhanced tpr_shadow flexpriority ept vpid ept_ad fsgsbase tsc_adjust bmi1 avx2 smep bmi2 erms invpcid cqm mpx rdt_a avx512f avx512dq rdseed adx smap clflushopt clwb intel_pt avx512cd avx512bw avx512vl xsaveopt xsavec xgetbv1 xsaves cqm_llc cqm_occup_llc cqm_mbm_total cqm_mbm_local dtherm ida arat pln pts vnmi pku ospke avx512_vnni md_clear flush_l1d arch_capabilities
vmx flags	: vnmi preemption_timer posted_intr invvpid ept_x_only ept_ad ept_1gb flexpriority apicv tsc_offset vtpr mtf vapic ept vpid unrestricted_guest vapic_reg vid ple shadow_vmcs pml ept_violation_ve ept_mode_based_exec tsc_scaling
bugs		: spectre_v1 spectre_v2 spec_store_bypass swapgs taa itlb_multihit mmio_stale_data retbleed eibrs_pbrsb gds bhi
bogomips	: 4400.00
clflush size	: 64
cache_alignment	: 64
address sizes	: 46 bits physical, 48 bits virtual
power management:

processor	: 6
vendor_id	: GenuineIntel
cpu family	: 6
model		: 85
model name	: Intel(R) Xeon(R) Silver 4214 CPU @ 2.20GHz
stepping	: 7
microcode	: 0x5003707
cpu MHz		: 1000.000
cache size	: 16896 KB
physical id	: 0
siblings	: 24
core id		: 8
cpu cores	: 12
apicid		: 16
initial apicid	: 16
fpu		: yes
fpu_exception	: yes
cpuid level	: 22
wp		: yes
flags		: fpu vme de pse tsc msr pae mce cx8 apic sep mtrr pge mca cmov pat pse36 clflush dts acpi mmx fxsr sse sse2 ss ht tm pbe syscall nx pdpe1gb rdtscp lm constant_tsc art arch_perfmon pebs bts rep_good nopl xtopology nonstop_tsc cpuid aperfmperf pni pclmulqdq dtes64 ds_cpl vmx smx est tm2 ssse3 sdbg fma cx16 xtpr pdcm pcid dca sse4_1 sse4_2 x2apic movbe popcnt tsc_deadline_timer aes xsave avx f16c rdrand lahf_lm abm 3dnowprefetch cpuid_fault epb cat_l3 cdp_l3 ssbd mba ibrs ibpb stibp ibrs_enhanced tpr_shadow flexpriority ept vpid ept_ad fsgsbase tsc_adjust bmi1 avx2 smep bmi2 erms invpcid cqm mpx rdt_a avx512f avx512dq rdseed adx smap clflushopt clwb intel_pt avx512cd avx512bw avx512vl xsaveopt xsavec xgetbv1 xsaves cqm_llc cqm_occup_llc cqm_mbm_total cqm_mbm_local dtherm ida arat pln pts vnmi pku ospke avx512_vnni md_clear flush_l1d arch_capabilities
vmx flags	: vnmi preemption_timer posted_intr invvpid ept_x_only ept_ad ept_1gb flexpriority apicv tsc_offset vtpr mtf vapic ept vpid unrestricted_guest vapic_reg vid ple shadow_vmcs pml ept_violation_ve ept_mode_based_exec tsc_scaling
bugs		: spectre_v1 spectre_v2 spec_store_bypass swapgs taa itlb_multihit mmio_stale_data retbleed eibrs_pbrsb gds bhi
bogomips	: 4400.00
clflush size	: 64
cache_alignment	: 64
address sizes	: 46 bits physical, 48 bits virtual
power management:

processor	: 7
vendor_id	: GenuineIntel
cpu family	: 6
model		: 85
model name	: Intel(R) Xeon(R) Silver 4214 CPU @ 2.20GHz
stepping	: 7
microcode	: 0x5003707
cpu MHz		: 1000.000
cache size	: 16896 KB
physical id	: 0
siblings	: 24
core id		: 9
cpu cores	: 12
apicid		: 18
initial apicid	: 18
fpu		: yes
fpu_exception	: yes
cpuid level	: 22
wp		: yes
flags		: fpu vme de pse tsc msr pae mce cx8 apic sep mtrr pge mca cmov pat pse36 clflush dts acpi mmx fxsr sse sse2 ss ht tm pbe syscall nx pdpe1gb rdtscp lm constant_tsc art arch_perfmon pebs bts rep_good nopl xtopology nonstop_tsc cpuid aperfmperf pni pclmulqdq dtes64 ds_cpl vmx smx est tm2 ssse3 sdbg fma cx16 xtpr pdcm pcid dca sse4_1 sse4_2 x2apic movbe popcnt tsc_deadline_timer aes xsave avx f16c rdrand lahf_lm abm 3dnowprefetch cpuid_fault epb cat_l3 cdp_l3 ssbd mba ibrs ibpb stibp ibrs_enhanced tpr_shadow flexpriority ept vpid ept_ad fsgsbase tsc_adjust bmi1 avx2 smep bmi2 erms invpcid cqm mpx rdt_a avx512f avx512dq rdseed adx smap clflushopt clwb intel_pt avx512cd avx512bw avx512vl xsaveopt xsavec xgetbv1 xsaves cqm_llc cqm_occup_llc cqm_mbm_total cqm_mbm_local dtherm ida arat pln pts vnmi pku ospke avx512_vnni md_clear flush_l1d arch_capabilities
vmx flags	: vnmi preemption_timer posted_intr invvpid ept_x_only ept_ad ept_1gb flexpriority apicv tsc_offset vtpr mtf vapic ept vpid unrestricted_guest vapic_reg vid ple shadow_vmcs pml ept_violation_ve ept_mode_based_exec tsc_scaling
bugs		: spectre_v1 spectre_v2 spec_store_bypass swapgs taa itlb_multihit mmio_stale_data retbleed eibrs_pbrsb gds bhi
bogomips	: 4400.00
clflush size	: 64
cache_alignment	: 64
address sizes	: 46 bits physical, 48 bits virtual
power management:

processor	: 8
vendor_id	: GenuineIntel
cpu family	: 6
model		: 85
model name	: Intel(R) Xeon(R) Silver 4214 CPU @ 2.20GHz
stepping	: 7
microcode	: 0x5003707
cpu MHz		: 1000.000
cache size	: 16896 KB
physical id	: 0
siblings	: 24
core id		: 10
cpu cores	: 12
apicid		: 20
initial apicid	: 20
fpu		: yes
fpu_exception	: yes
cpuid level	: 22
wp		: yes
flags		: fpu vme de pse tsc msr pae mce cx8 apic sep mtrr pge mca cmov pat pse36 clflush dts acpi mmx fxsr sse sse2 ss ht tm pbe syscall nx pdpe1gb rdtscp lm constant_tsc art arch_perfmon pebs bts rep_good nopl xtopology nonstop_tsc cpuid aperfmperf pni pclmulqdq dtes64 ds_cpl vmx smx est tm2 ssse3 sdbg fma cx16 xtpr pdcm pcid dca sse4_1 sse4_2 x2apic movbe popcnt tsc_deadline_timer aes xsave avx f16c rdrand lahf_lm abm 3dnowprefetch cpuid_fault epb cat_l3 cdp_l3 ssbd mba ibrs ibpb stibp ibrs_enhanced tpr_shadow flexpriority ept vpid ept_ad fsgsbase tsc_adjust bmi1 avx2 smep bmi2 erms invpcid cqm mpx rdt_a avx512f avx512dq rdseed adx smap clflushopt clwb intel_pt avx512cd avx512bw avx512vl xsaveopt xsavec xgetbv1 xsaves cqm_llc cqm_occup_llc cqm_mbm_total cqm_mbm_local dtherm ida arat pln pts vnmi pku ospke avx512_vnni md_clear flush_l1d arch_capabilities
vmx flags	: vnmi preemption_timer posted_intr invvpid ept_x_only ept_ad ept_1gb flexpriority apicv tsc_offset vtpr mtf vapic ept vpid unrestricted_guest vapic_reg vid ple shadow_vmcs pml ept_violation_ve ept_mode_based_exec tsc_scaling
bugs		: spectre_v1 spectre_v2 spec_store_bypass swapgs taa itlb_multihit mmio_stale_data retbleed eibrs_pbrsb gds bhi
bogomips	: 4400.00
clflush size	: 64
cache_alignment	: 64
address sizes	: 46 bits physical, 48 bits virtual
power management:

processor	: 9
vendor_id	: GenuineIntel
cpu family	: 6
model		: 85
model name	: Intel(R) Xeon(R) Silver 4214 CPU @ 2.20GHz
stepping	: 7
microcode	: 0x5003707
cpu MHz		: 1000.000
cache size	: 16896 KB
physical id	: 0
siblings	: 24
core id		: 11
cpu cores	: 12
apicid		: 22
initial apicid	: 22
fpu		: yes
fpu_exception	: yes
cpuid level	: 22
wp		: yes
flags		: fpu vme de pse tsc msr pae mce cx8 apic sep mtrr pge mca cmov pat pse36 clflush dts acpi mmx fxsr sse sse2 ss ht tm pbe syscall nx pdpe1gb rdtscp lm constant_tsc art arch_perfmon pebs bts rep_good nopl xtopology nonstop_tsc cpuid aperfmperf pni pclmulqdq dtes64 ds_cpl vmx smx est tm2 ssse3 sdbg fma cx16 xtpr pdcm pcid dca sse4_1 sse4_2 x2apic movbe popcnt tsc_deadline_timer aes xsave avx f16c rdrand lahf_lm abm 3dnowprefetch cpuid_fault epb cat_l3 cdp_l3 ssbd mba ibrs ibpb stibp ibrs_enhanced tpr_shadow flexpriority ept vpid ept_ad fsgsbase tsc_adjust bmi1 avx2 smep bmi2 erms invpcid cqm mpx rdt_a avx512f avx512dq rdseed adx smap clflushopt clwb intel_pt avx512cd avx512bw avx512vl xsaveopt xsavec xgetbv1 xsaves cqm_llc cqm_occup_llc cqm_mbm_total cqm_mbm_local dtherm ida arat pln pts vnmi pku ospke avx512_vnni md_clear flush_l1d arch_capabilities
vmx flags	: vnmi preemption_timer posted_intr invvpid ept_x_only ept_ad ept_1gb flexpriority apicv tsc_offset vtpr mtf vapic ept vpid unrestricted_guest vapic_reg vid ple shadow_vmcs pml ept_violation_ve ept_mode_based_exec tsc_scaling
bugs		: spectre_v1 spectre_v2 spec_store_bypass swapgs taa itlb_multihit mmio_stale_data retbleed eibrs_pbrsb gds bhi
bogomips	: 4400.00
clflush size	: 64
cache_alignment	: 64
address sizes	: 46 bits physical, 48 bits virtual
power management:

processor	: 10
vendor_id	: GenuineIntel
cpu family	: 6
model		: 85
model name	: Intel(R) Xeon(R) Silver 4214 CPU @ 2.20GHz
stepping	: 7
microcode	: 0x5003707
cpu MHz		: 3200.000
cache size	: 16896 KB
physical id	: 0
siblings	: 24
core id		: 12
cpu cores	: 12
apicid		: 24
initial apicid	: 24
fpu		: yes
fpu_exception	: yes
cpuid level	: 22
wp		: yes
flags		: fpu vme de pse tsc msr pae mce cx8 apic sep mtrr pge mca cmov pat pse36 clflush dts acpi mmx fxsr sse sse2 ss ht tm pbe syscall nx pdpe1gb rdtscp lm constant_tsc art arch_perfmon pebs bts rep_good nopl xtopology nonstop_tsc cpuid aperfmperf pni pclmulqdq dtes64 ds_cpl vmx smx est tm2 ssse3 sdbg fma cx16 xtpr pdcm pcid dca sse4_1 sse4_2 x2apic movbe popcnt tsc_deadline_timer aes xsave avx f16c rdrand lahf_lm abm 3dnowprefetch cpuid_fault epb cat_l3 cdp_l3 ssbd mba ibrs ibpb stibp ibrs_enhanced tpr_shadow flexpriority ept vpid ept_ad fsgsbase tsc_adjust bmi1 avx2 smep bmi2 erms invpcid cqm mpx rdt_a avx512f avx512dq rdseed adx smap clflushopt clwb intel_pt avx512cd avx512bw avx512vl xsaveopt xsavec xgetbv1 xsaves cqm_llc cqm_occup_llc cqm_mbm_total cqm_mbm_local dtherm ida arat pln pts vnmi pku ospke avx512_vnni md_clear flush_l1d arch_capabilities
vmx flags	: vnmi preemption_timer posted_intr invvpid ept_x_only ept_ad ept_1gb flexpriority apicv tsc_offset vtpr mtf vapic ept vpid unrestricted_guest vapic_reg vid ple shadow_vmcs pml ept_violation_ve ept_mode_based_exec tsc_scaling
bugs		: spectre_v1 spectre_v2 spec_store_bypass swapgs taa itlb_multihit mmio_stale_data retbleed eibrs_pbrsb gds bhi
bogomips	: 4400.00
clflush size	: 64
cache_alignment	: 64
address sizes	: 46 bits physical, 48 bits virtual
power management:

processor	: 11
vendor_id	: GenuineIntel
cpu family	: 6
model		: 85
model name	: Intel(R) Xeon(R) Silver 4214 CPU @ 2.20GHz
stepping	: 7
microcode	: 0x5003707
cpu MHz		: 1000.000
cache size	: 16896 KB
physical id	: 0
siblings	: 24
core id		: 13
cpu cores	: 12
apicid		: 26
initial apicid	: 26
fpu		: yes
fpu_exception	: yes
cpuid level	: 22
wp		: yes
flags		: fpu vme de pse tsc msr pae mce cx8 apic sep mtrr pge mca cmov pat pse36 clflush dts acpi mmx fxsr sse sse2 ss ht tm pbe syscall nx pdpe1gb rdtscp lm constant_tsc art arch_perfmon pebs bts rep_good nopl xtopology nonstop_tsc cpuid aperfmperf pni pclmulqdq dtes64 ds_cpl vmx smx est tm2 ssse3 sdbg fma cx16 xtpr pdcm pcid dca sse4_1 sse4_2 x2apic movbe popcnt tsc_deadline_timer aes xsave avx f16c rdrand lahf_lm abm 3dnowprefetch cpuid_fault epb cat_l3 cdp_l3 ssbd mba ibrs ibpb stibp ibrs_enhanced tpr_shadow flexpriority ept vpid ept_ad fsgsbase tsc_adjust bmi1 avx2 smep bmi2 erms invpcid cqm mpx rdt_a avx512f avx512dq rdseed adx smap clflushopt clwb intel_pt avx512cd avx512bw avx512vl xsaveopt xsavec xgetbv1 xsaves cqm_llc cqm_occup_llc cqm_mbm_total cqm_mbm_local dtherm ida arat pln pts vnmi pku ospke avx512_vnni md_clear flush_l1d arch_capabilities
vmx flags	: vnmi preemption_timer posted_intr invvpid ept_x_only ept_ad ept_1gb flexpriority apicv tsc_offset vtpr mtf vapic ept vpid unrestricted_guest vapic_reg vid ple shadow_vmcs pml ept_violation_ve ept_mode_based_exec tsc_scaling
bugs		: spectre_v1 spectre_v2 spec_store_bypass swapgs taa itlb_multihit mmio_stale_data retbleed eibrs_pbrsb gds bhi
bogomips	: 4400.00
clflush size	: 64
cache_alignment	: 64
address sizes	: 46 bits physical, 48 bits virtual
power management:

processor	: 12
vendor_id	: GenuineIntel
cpu family	: 6
model		: 85
model name	: Intel(R) Xeon(R) Silver 4214 CPU @ 2.20GHz
stepping	: 7
microcode	: 0x5003707
cpu MHz		: 1996.658
cache size	: 16896 KB
physical id	: 0
siblings	: 24
core id		: 0
cpu cores	: 12
apicid		: 1
initial apicid	: 1
fpu		: yes
fpu_exception	: yes
cpuid level	: 22
wp		: yes
flags		: fpu vme de pse tsc msr pae mce cx8 apic sep mtrr pge mca cmov pat pse36 clflush dts acpi mmx fxsr sse sse2 ss ht tm pbe syscall nx pdpe1gb rdtscp lm constant_tsc art arch_perfmon pebs bts rep_good nopl xtopology nonstop_tsc cpuid aperfmperf pni pclmulqdq dtes64 ds_cpl vmx smx est tm2 ssse3 sdbg fma cx16 xtpr pdcm pcid dca sse4_1 sse4_2 x2apic movbe popcnt tsc_deadline_timer aes xsave avx f16c rdrand lahf_lm abm 3dnowprefetch cpuid_fault epb cat_l3 cdp_l3 ssbd mba ibrs ibpb stibp ibrs_enhanced tpr_shadow flexpriority ept vpid ept_ad fsgsbase tsc_adjust bmi1 avx2 smep bmi2 erms invpcid cqm mpx rdt_a avx512f avx512dq rdseed adx smap clflushopt clwb intel_pt avx512cd avx512bw avx512vl xsaveopt xsavec xgetbv1 xsaves cqm_llc cqm_occup_llc cqm_mbm_total cqm_mbm_local dtherm ida arat pln pts vnmi pku ospke avx512_vnni md_clear flush_l1d arch_capabilities
vmx flags	: vnmi preemption_timer posted_intr invvpid ept_x_only ept_ad ept_1gb flexpriority apicv tsc_offset vtpr mtf vapic ept vpid unrestricted_guest vapic_reg vid ple shadow_vmcs pml ept_violation_ve ept_mode_based_exec tsc_scaling
bugs		: spectre_v1 spectre_v2 spec_store_bypass swapgs taa itlb_multihit mmio_stale_data retbleed eibrs_pbrsb gds bhi
bogomips	: 4400.00
clflush size	: 64
cache_alignment	: 64
address sizes	: 46 bits physical, 48 bits virtual
power management:

processor	: 13
vendor_id	: GenuineIntel
cpu family	: 6
model		: 85
model name	: Intel(R) Xeon(R) Silver 4214 CPU @ 2.20GHz
stepping	: 7
microcode	: 0x5003707
cpu MHz		: 999.999
cache size	: 16896 KB
physical id	: 0
siblings	: 24
core id		: 1
cpu cores	: 12
apicid		: 3
initial apicid	: 3
fpu		: yes
fpu_exception	: yes
cpuid level	: 22
wp		: yes
flags		: fpu vme de pse tsc msr pae mce cx8 apic sep mtrr pge mca cmov pat pse36 clflush dts acpi mmx fxsr sse sse2 ss ht tm pbe syscall nx pdpe1gb rdtscp lm constant_tsc art arch_perfmon pebs bts rep_good nopl xtopology nonstop_tsc cpuid aperfmperf pni pclmulqdq dtes64 ds_cpl vmx smx est tm2 ssse3 sdbg fma cx16 xtpr pdcm pcid dca sse4_1 sse4_2 x2apic movbe popcnt tsc_deadline_timer aes xsave avx f16c rdrand lahf_lm abm 3dnowprefetch cpuid_fault epb cat_l3 cdp_l3 ssbd mba ibrs ibpb stibp ibrs_enhanced tpr_shadow flexpriority ept vpid ept_ad fsgsbase tsc_adjust bmi1 avx2 smep bmi2 erms invpcid cqm mpx rdt_a avx512f avx512dq rdseed adx smap clflushopt clwb intel_pt avx512cd avx512bw avx512vl xsaveopt xsavec xgetbv1 xsaves cqm_llc cqm_occup_llc cqm_mbm_total cqm_mbm_local dtherm ida arat pln pts vnmi pku ospke avx512_vnni md_clear flush_l1d arch_capabilities
vmx flags	: vnmi preemption_timer posted_intr invvpid ept_x_only ept_ad ept_1gb flexpriority apicv tsc_offset vtpr mtf vapic ept vpid unrestricted_guest vapic_reg vid ple shadow_vmcs pml ept_violation_ve ept_mode_based_exec tsc_scaling
bugs		: spectre_v1 spectre_v2 spec_store_bypass swapgs taa itlb_multihit mmio_stale_data retbleed eibrs_pbrsb gds bhi
bogomips	: 4400.00
clflush size	: 64
cache_alignment	: 64
address sizes	: 46 bits physical, 48 bits virtual
power management:

processor	: 14
vendor_id	: GenuineIntel
cpu family	: 6
model		: 85
model name	: Intel(R) Xeon(R) Silver 4214 CPU @ 2.20GHz
stepping	: 7
microcode	: 0x5003707
cpu MHz		: 999.580
cache size	: 16896 KB
physical id	: 0
siblings	: 24
core id		: 2
cpu cores	: 12
apicid		: 5
initial apicid	: 5
fpu		: yes
fpu_exception	: yes
cpuid level	: 22
wp		: yes
flags		: fpu vme de pse tsc msr pae mce cx8 apic sep mtrr pge mca cmov pat pse36 clflush dts acpi mmx fxsr sse sse2 ss ht tm pbe syscall nx pdpe1gb rdtscp lm constant_tsc art arch_perfmon pebs bts rep_good nopl xtopology nonstop_tsc cpuid aperfmperf pni pclmulqdq dtes64 ds_cpl vmx smx est tm2 ssse3 sdbg fma cx16 xtpr pdcm pcid dca sse4_1 sse4_2 x2apic movbe popcnt tsc_deadline_timer aes xsave avx f16c rdrand lahf_lm abm 3dnowprefetch cpuid_fault epb cat_l3 cdp_l3 ssbd mba ibrs ibpb stibp ibrs_enhanced tpr_shadow flexpriority ept vpid ept_ad fsgsbase tsc_adjust bmi1 avx2 smep bmi2 erms invpcid cqm mpx rdt_a avx512f avx512dq rdseed adx smap clflushopt clwb intel_pt avx512cd avx512bw avx512vl xsaveopt xsavec xgetbv1 xsaves cqm_llc cqm_occup_llc cqm_mbm_total cqm_mbm_local dtherm ida arat pln pts vnmi pku ospke avx512_vnni md_clear flush_l1d arch_capabilities
vmx flags	: vnmi preemption_timer posted_intr invvpid ept_x_only ept_ad ept_1gb flexpriority apicv tsc_offset vtpr mtf vapic ept vpid unrestricted_guest vapic_reg vid ple shadow_vmcs pml ept_violation_ve ept_mode_based_exec tsc_scaling
bugs		: spectre_v1 spectre_v2 spec_store_bypass swapgs taa itlb_multihit mmio_stale_data retbleed eibrs_pbrsb gds bhi
bogomips	: 4400.00
clflush size	: 64
cache_alignment	: 64
address sizes	: 46 bits physical, 48 bits virtual
power management:

processor	: 15
vendor_id	: GenuineIntel
cpu family	: 6
model		: 85
model name	: Intel(R) Xeon(R) Silver 4214 CPU @ 2.20GHz
stepping	: 7
microcode	: 0x5003707
cpu MHz		: 1000.000
cache size	: 16896 KB
physical id	: 0
siblings	: 24
core id		: 3
cpu cores	: 12
apicid		: 7
initial apicid	: 7
fpu		: yes
fpu_exception	: yes
cpuid level	: 22
wp		: yes
flags		: fpu vme de pse tsc msr pae mce cx8 apic sep mtrr pge mca cmov pat pse36 clflush dts acpi mmx fxsr sse sse2 ss ht tm pbe syscall nx pdpe1gb rdtscp lm constant_tsc art arch_perfmon pebs bts rep_good nopl xtopology nonstop_tsc cpuid aperfmperf pni pclmulqdq dtes64 ds_cpl vmx smx est tm2 ssse3 sdbg fma cx16 xtpr pdcm pcid dca sse4_1 sse4_2 x2apic movbe popcnt tsc_deadline_timer aes xsave avx f16c rdrand lahf_lm abm 3dnowprefetch cpuid_fault epb cat_l3 cdp_l3 ssbd mba ibrs ibpb stibp ibrs_enhanced tpr_shadow flexpriority ept vpid ept_ad fsgsbase tsc_adjust bmi1 avx2 smep bmi2 erms invpcid cqm mpx rdt_a avx512f avx512dq rdseed adx smap clflushopt clwb intel_pt avx512cd avx512bw avx512vl xsaveopt xsavec xgetbv1 xsaves cqm_llc cqm_occup_llc cqm_mbm_total cqm_mbm_local dtherm ida arat pln pts vnmi pku ospke avx512_vnni md_clear flush_l1d arch_capabilities
vmx flags	: vnmi preemption_timer posted_intr invvpid ept_x_only ept_ad ept_1gb flexpriority apicv tsc_offset vtpr mtf vapic ept vpid unrestricted_guest vapic_reg vid ple shadow_vmcs pml ept_violation_ve ept_mode_based_exec tsc_scaling
bugs		: spectre_v1 spectre_v2 spec_store_bypass swapgs taa itlb_multihit mmio_stale_data retbleed eibrs_pbrsb gds bhi
bogomips	: 4400.00
clflush size	: 64
cache_alignment	: 64
address sizes	: 46 bits physical, 48 bits virtual
power management:

processor	: 16
vendor_id	: GenuineIntel
cpu family	: 6
model		: 85
model name	: Intel(R) Xeon(R) Silver 4214 CPU @ 2.20GHz
stepping	: 7
microcode	: 0x5003707
cpu MHz		: 999.814
cache size	: 16896 KB
physical id	: 0
siblings	: 24
core id		: 4
cpu cores	: 12
apicid		: 9
initial apicid	: 9
fpu		: yes
fpu_exception	: yes
cpuid level	: 22
wp		: yes
flags		: fpu vme de pse tsc msr pae mce cx8 apic sep mtrr pge mca cmov pat pse36 clflush dts acpi mmx fxsr sse sse2 ss ht tm pbe syscall nx pdpe1gb rdtscp lm constant_tsc art arch_perfmon pebs bts rep_good nopl xtopology nonstop_tsc cpuid aperfmperf pni pclmulqdq dtes64 ds_cpl vmx smx est tm2 ssse3 sdbg fma cx16 xtpr pdcm pcid dca sse4_1 sse4_2 x2apic movbe popcnt tsc_deadline_timer aes xsave avx f16c rdrand lahf_lm abm 3dnowprefetch cpuid_fault epb cat_l3 cdp_l3 ssbd mba ibrs ibpb stibp ibrs_enhanced tpr_shadow flexpriority ept vpid ept_ad fsgsbase tsc_adjust bmi1 avx2 smep bmi2 erms invpcid cqm mpx rdt_a avx512f avx512dq rdseed adx smap clflushopt clwb intel_pt avx512cd avx512bw avx512vl xsaveopt xsavec xgetbv1 xsaves cqm_llc cqm_occup_llc cqm_mbm_total cqm_mbm_local dtherm ida arat pln pts vnmi pku ospke avx512_vnni md_clear flush_l1d arch_capabilities
vmx flags	: vnmi preemption_timer posted_intr invvpid ept_x_only ept_ad ept_1gb flexpriority apicv tsc_offset vtpr mtf vapic ept vpid unrestricted_guest vapic_reg vid ple shadow_vmcs pml ept_violation_ve ept_mode_based_exec tsc_scaling
bugs		: spectre_v1 spectre_v2 spec_store_bypass swapgs taa itlb_multihit mmio_stale_data retbleed eibrs_pbrsb gds bhi
bogomips	: 4400.00
clflush size	: 64
cache_alignment	: 64
address sizes	: 46 bits physical, 48 bits virtual
power management:

processor	: 17
vendor_id	: GenuineIntel
cpu family	: 6
model		: 85
model name	: Intel(R) Xeon(R) Silver 4214 CPU @ 2.20GHz
stepping	: 7
microcode	: 0x5003707
cpu MHz		: 1000.000
cache size	: 16896 KB
physical id	: 0
siblings	: 24
core id		: 5
cpu cores	: 12
apicid		: 11
initial apicid	: 11
fpu		: yes
fpu_exception	: yes
cpuid level	: 22
wp		: yes
flags		: fpu vme de pse tsc msr pae mce cx8 apic sep mtrr pge mca cmov pat pse36 clflush dts acpi mmx fxsr sse sse2 ss ht tm pbe syscall nx pdpe1gb rdtscp lm constant_tsc art arch_perfmon pebs bts rep_good nopl xtopology nonstop_tsc cpuid aperfmperf pni pclmulqdq dtes64 ds_cpl vmx smx est tm2 ssse3 sdbg fma cx16 xtpr pdcm pcid dca sse4_1 sse4_2 x2apic movbe popcnt tsc_deadline_timer aes xsave avx f16c rdrand lahf_lm abm 3dnowprefetch cpuid_fault epb cat_l3 cdp_l3 ssbd mba ibrs ibpb stibp ibrs_enhanced tpr_shadow flexpriority ept vpid ept_ad fsgsbase tsc_adjust bmi1 avx2 smep bmi2 erms invpcid cqm mpx rdt_a avx512f avx512dq rdseed adx smap clflushopt clwb intel_pt avx512cd avx512bw avx512vl xsaveopt xsavec xgetbv1 xsaves cqm_llc cqm_occup_llc cqm_mbm_total cqm_mbm_local dtherm ida arat pln pts vnmi pku ospke avx512_vnni md_clear flush_l1d arch_capabilities
vmx flags	: vnmi preemption_timer posted_intr invvpid ept_x_only ept_ad ept_1gb flexpriority apicv tsc_offset vtpr mtf vapic ept vpid unrestricted_guest vapic_reg vid ple shadow_vmcs pml ept_violation_ve ept_mode_based_exec tsc_scaling
bugs		: spectre_v1 spectre_v2 spec_store_bypass swapgs taa itlb_multihit mmio_stale_data retbleed eibrs_pbrsb gds bhi
bogomips	: 4400.00
clflush size	: 64
cache_alignment	: 64
address sizes	: 46 bits physical, 48 bits virtual
power management:

processor	: 18
vendor_id	: GenuineIntel
cpu family	: 6
model		: 85
model name	: Intel(R) Xeon(R) Silver 4214 CPU @ 2.20GHz
stepping	: 7
microcode	: 0x5003707
cpu MHz		: 1793.019
cache size	: 16896 KB
physical id	: 0
siblings	: 24
core id		: 8
cpu cores	: 12
apicid		: 17
initial apicid	: 17
fpu		: yes
fpu_exception	: yes
cpuid level	: 22
wp		: yes
flags		: fpu vme de pse tsc msr pae mce cx8 apic sep mtrr pge mca cmov pat pse36 clflush dts acpi mmx fxsr sse sse2 ss ht tm pbe syscall nx pdpe1gb rdtscp lm constant_tsc art arch_perfmon pebs bts rep_good nopl xtopology nonstop_tsc cpuid aperfmperf pni pclmulqdq dtes64 ds_cpl vmx smx est tm2 ssse3 sdbg fma cx16 xtpr pdcm pcid dca sse4_1 sse4_2 x2apic movbe popcnt tsc_deadline_timer aes xsave avx f16c rdrand lahf_lm abm 3dnowprefetch cpuid_fault epb cat_l3 cdp_l3 ssbd mba ibrs ibpb stibp ibrs_enhanced tpr_shadow flexpriority ept vpid ept_ad fsgsbase tsc_adjust bmi1 avx2 smep bmi2 erms invpcid cqm mpx rdt_a avx512f avx512dq rdseed adx smap clflushopt clwb intel_pt avx512cd avx512bw avx512vl xsaveopt xsavec xgetbv1 xsaves cqm_llc cqm_occup_llc cqm_mbm_total cqm_mbm_local dtherm ida arat pln pts vnmi pku ospke avx512_vnni md_clear flush_l1d arch_capabilities
vmx flags	: vnmi preemption_timer posted_intr invvpid ept_x_only ept_ad ept_1gb flexpriority apicv tsc_offset vtpr mtf vapic ept vpid unrestricted_guest vapic_reg vid ple shadow_vmcs pml ept_violation_ve ept_mode_based_exec tsc_scaling
bugs		: spectre_v1 spectre_v2 spec_store_bypass swapgs taa itlb_multihit mmio_stale_data retbleed eibrs_pbrsb gds bhi
bogomips	: 4400.00
clflush size	: 64
cache_alignment	: 64
address sizes	: 46 bits physical, 48 bits virtual
power management:

processor	: 19
vendor_id	: GenuineIntel
cpu family	: 6
model		: 85
model name	: Intel(R) Xeon(R) Silver 4214 CPU @ 2.20GHz
stepping	: 7
microcode	: 0x5003707
cpu MHz		: 999.978
cache size	: 16896 KB
physical id	: 0
siblings	: 24
core id		: 9
cpu cores	: 12
apicid		: 19
initial apicid	: 19
fpu		: yes
fpu_exception	: yes
cpuid level	: 22
wp		: yes
flags		: fpu vme de pse tsc msr pae mce cx8 apic sep mtrr pge mca cmov pat pse36 clflush dts acpi mmx fxsr sse sse2 ss ht tm pbe syscall nx pdpe1gb rdtscp lm constant_tsc art arch_perfmon pebs bts rep_good nopl xtopology nonstop_tsc cpuid aperfmperf pni pclmulqdq dtes64 ds_cpl vmx smx est tm2 ssse3 sdbg fma cx16 xtpr pdcm pcid dca sse4_1 sse4_2 x2apic movbe popcnt tsc_deadline_timer aes xsave avx f16c rdrand lahf_lm abm 3dnowprefetch cpuid_fault epb cat_l3 cdp_l3 ssbd mba ibrs ibpb stibp ibrs_enhanced tpr_shadow flexpriority ept vpid ept_ad fsgsbase tsc_adjust bmi1 avx2 smep bmi2 erms invpcid cqm mpx rdt_a avx512f avx512dq rdseed adx smap clflushopt clwb intel_pt avx512cd avx512bw avx512vl xsaveopt xsavec xgetbv1 xsaves cqm_llc cqm_occup_llc cqm_mbm_total cqm_mbm_local dtherm ida arat pln pts vnmi pku ospke avx512_vnni md_clear flush_l1d arch_capabilities
vmx flags	: vnmi preemption_timer posted_intr invvpid ept_x_only ept_ad ept_1gb flexpriority apicv tsc_offset vtpr mtf vapic ept vpid unrestricted_guest vapic_reg vid ple shadow_vmcs pml ept_violation_ve ept_mode_based_exec tsc_scaling
bugs		: spectre_v1 spectre_v2 spec_store_bypass swapgs taa itlb_multihit mmio_stale_data retbleed eibrs_pbrsb gds bhi
bogomips	: 4400.00
clflush size	: 64
cache_alignment	: 64
address sizes	: 46 bits physical, 48 bits virtual
power management:

processor	: 20
vendor_id	: GenuineIntel
cpu family	: 6
model		: 85
model name	: Intel(R) Xeon(R) Silver 4214 CPU @ 2.20GHz
stepping	: 7
microcode	: 0x5003707
cpu MHz		: 1000.000
cache size	: 16896 KB
physical id	: 0
siblings	: 24
core id		: 10
cpu cores	: 12
apicid		: 21
initial apicid	: 21
fpu		: yes
fpu_exception	: yes
cpuid level	: 22
wp		: yes
flags		: fpu vme de pse tsc msr pae mce cx8 apic sep mtrr pge mca cmov pat pse36 clflush dts acpi mmx fxsr sse sse2 ss ht tm pbe syscall nx pdpe1gb rdtscp lm constant_tsc art arch_perfmon pebs bts rep_good nopl xtopology nonstop_tsc cpuid aperfmperf pni pclmulqdq dtes64 ds_cpl vmx smx est tm2 ssse3 sdbg fma cx16 xtpr pdcm pcid dca sse4_1 sse4_2 x2apic movbe popcnt tsc_deadline_timer aes xsave avx f16c rdrand lahf_lm abm 3dnowprefetch cpuid_fault epb cat_l3 cdp_l3 ssbd mba ibrs ibpb stibp ibrs_enhanced tpr_shadow flexpriority ept vpid ept_ad fsgsbase tsc_adjust bmi1 avx2 smep bmi2 erms invpcid cqm mpx rdt_a avx512f avx512dq rdseed adx smap clflushopt clwb intel_pt avx512cd avx512bw avx512vl xsaveopt xsavec xgetbv1 xsaves cqm_llc cqm_occup_llc cqm_mbm_total cqm_mbm_local dtherm ida arat pln pts vnmi pku ospke avx512_vnni md_clear flush_l1d arch_capabilities
vmx flags	: vnmi preemption_timer posted_intr invvpid ept_x_only ept_ad ept_1gb flexpriority apicv tsc_offset vtpr mtf vapic ept vpid unrestricted_guest vapic_reg vid ple shadow_vmcs pml ept_violation_ve ept_mode_based_exec tsc_scaling
bugs		: spectre_v1 spectre_v2 spec_store_bypass swapgs taa itlb_multihit mmio_stale_data retbleed eibrs_pbrsb gds bhi
bogomips	: 4400.00
clflush size	: 64
cache_alignment	: 64
address sizes	: 46 bits physical, 48 bits virtual
power management:

processor	: 21
vendor_id	: GenuineIntel
cpu family	: 6
model		: 85
model name	: Intel(R) Xeon(R) Silver 4214 CPU @ 2.20GHz
stepping	: 7
microcode	: 0x5003707
cpu MHz		: 1000.000
cache size	: 16896 KB
physical id	: 0
siblings	: 24
core id		: 11
cpu cores	: 12
apicid		: 23
initial apicid	: 23
fpu		: yes
fpu_exception	: yes
cpuid level	: 22
wp		: yes
flags		: fpu vme de pse tsc msr pae mce cx8 apic sep mtrr pge mca cmov pat pse36 clflush dts acpi mmx fxsr sse sse2 ss ht tm pbe syscall nx pdpe1gb rdtscp lm constant_tsc art arch_perfmon pebs bts rep_good nopl xtopology nonstop_tsc cpuid aperfmperf pni pclmulqdq dtes64 ds_cpl vmx smx est tm2 ssse3 sdbg fma cx16 xtpr pdcm pcid dca sse4_1 sse4_2 x2apic movbe popcnt tsc_deadline_timer aes xsave avx f16c rdrand lahf_lm abm 3dnowprefetch cpuid_fault epb cat_l3 cdp_l3 ssbd mba ibrs ibpb stibp ibrs_enhanced tpr_shadow flexpriority ept vpid ept_ad fsgsbase tsc_adjust bmi1 avx2 smep bmi2 erms invpcid cqm mpx rdt_a avx512f avx512dq rdseed adx smap clflushopt clwb intel_pt avx512cd avx512bw avx512vl xsaveopt xsavec xgetbv1 xsaves cqm_llc cqm_occup_llc cqm_mbm_total cqm_mbm_local dtherm ida arat pln pts vnmi pku ospke avx512_vnni md_clear flush_l1d arch_capabilities
vmx flags	: vnmi preemption_timer posted_intr invvpid ept_x_only ept_ad ept_1gb flexpriority apicv tsc_offset vtpr mtf vapic ept vpid unrestricted_guest vapic_reg vid ple shadow_vmcs pml ept_violation_ve ept_mode_based_exec tsc_scaling
bugs		: spectre_v1 spectre_v2 spec_store_bypass swapgs taa itlb_multihit mmio_stale_data retbleed eibrs_pbrsb gds bhi
bogomips	: 4400.00
clflush size	: 64
cache_alignment	: 64
address sizes	: 46 bits physical, 48 bits virtual
power management:

processor	: 22
vendor_id	: GenuineIntel
cpu family	: 6
model		: 85
model name	: Intel(R) Xeon(R) Silver 4214 CPU @ 2.20GHz
stepping	: 7
microcode	: 0x5003707
cpu MHz		: 2700.011
cache size	: 16896 KB
physical id	: 0
siblings	: 24
core id		: 12
cpu cores	: 12
apicid		: 25
initial apicid	: 25
fpu		: yes
fpu_exception	: yes
cpuid level	: 22
wp		: yes
flags		: fpu vme de pse tsc msr pae mce cx8 apic sep mtrr pge mca cmov pat pse36 clflush dts acpi mmx fxsr sse sse2 ss ht tm pbe syscall nx pdpe1gb rdtscp lm constant_tsc art arch_perfmon pebs bts rep_good nopl xtopology nonstop_tsc cpuid aperfmperf pni pclmulqdq dtes64 ds_cpl vmx smx est tm2 ssse3 sdbg fma cx16 xtpr pdcm pcid dca sse4_1 sse4_2 x2apic movbe popcnt tsc_deadline_timer aes xsave avx f16c rdrand lahf_lm abm 3dnowprefetch cpuid_fault epb cat_l3 cdp_l3 ssbd mba ibrs ibpb stibp ibrs_enhanced tpr_shadow flexpriority ept vpid ept_ad fsgsbase tsc_adjust bmi1 avx2 smep bmi2 erms invpcid cqm mpx rdt_a avx512f avx512dq rdseed adx smap clflushopt clwb intel_pt avx512cd avx512bw avx512vl xsaveopt xsavec xgetbv1 xsaves cqm_llc cqm_occup_llc cqm_mbm_total cqm_mbm_local dtherm ida arat pln pts vnmi pku ospke avx512_vnni md_clear flush_l1d arch_capabilities
vmx flags	: vnmi preemption_timer posted_intr invvpid ept_x_only ept_ad ept_1gb flexpriority apicv tsc_offset vtpr mtf vapic ept vpid unrestricted_guest vapic_reg vid ple shadow_vmcs pml ept_violation_ve ept_mode_based_exec tsc_scaling
bugs		: spectre_v1 spectre_v2 spec_store_bypass swapgs taa itlb_multihit mmio_stale_data retbleed eibrs_pbrsb gds bhi
bogomips	: 4400.00
clflush size	: 64
cache_alignment	: 64
address sizes	: 46 bits physical, 48 bits virtual
power management:

processor	: 23
vendor_id	: GenuineIntel
cpu family	: 6
model		: 85
model name	: Intel(R) Xeon(R) Silver 4214 CPU @ 2.20GHz
stepping	: 7
microcode	: 0x5003707
cpu MHz		: 999.998
cache size	: 16896 KB
physical id	: 0
siblings	: 24
core id		: 13
cpu cores	: 12
apicid		: 27
initial apicid	: 27
fpu		: yes
fpu_exception	: yes
cpuid level	: 22
wp		: yes
flags		: fpu vme de pse tsc msr pae mce cx8 apic sep mtrr pge mca cmov pat pse36 clflush dts acpi mmx fxsr sse sse2 ss ht tm pbe syscall nx pdpe1gb rdtscp lm constant_tsc art arch_perfmon pebs bts rep_good nopl xtopology nonstop_tsc cpuid aperfmperf pni pclmulqdq dtes64 ds_cpl vmx smx est tm2 ssse3 sdbg fma cx16 xtpr pdcm pcid dca sse4_1 sse4_2 x2apic movbe popcnt tsc_deadline_timer aes xsave avx f16c rdrand lahf_lm abm 3dnowprefetch cpuid_fault epb cat_l3 cdp_l3 ssbd mba ibrs ibpb stibp ibrs_enhanced tpr_shadow flexpriority ept vpid ept_ad fsgsbase tsc_adjust bmi1 avx2 smep bmi2 erms invpcid cqm mpx rdt_a avx512f avx512dq rdseed adx smap clflushopt clwb intel_pt avx512cd avx512bw avx512vl xsaveopt xsavec xgetbv1 xsaves cqm_llc cqm_occup_llc cqm_mbm_total cqm_mbm_local dtherm ida arat pln pts vnmi pku ospke avx512_vnni md_clear flush_l1d arch_capabilities
vmx flags	: vnmi preemption_timer posted_intr invvpid ept_x_only ept_ad ept_1gb flexpriority apicv tsc_offset vtpr mtf vapic ept vpid unrestricted_guest vapic_reg vid ple shadow_vmcs pml ept_violation_ve ept_mode_based_exec tsc_scaling
bugs		: spectre_v1 spectre_v2 spec_store_bypass swapgs taa itlb_multihit mmio_stale_data retbleed eibrs_pbrsb gds bhi
bogomips	: 4400.00
clflush size	: 64
cache_alignment	: 64
address sizes	: 46 bits physical, 48 bits virtual
power management:



Memory: 4k page, physical 197357760k(172602712k free), swap 8388604k(8388604k free)

vm_info: OpenJDK 64-Bit Server VM (25.362-b09) for linux-amd64 JRE (1.8.0_362-8u372-ga~us1-0ubuntu1~18.04-b09), built on May  6 2023 07:49:22 by "buildd" with gcc 7.5.0

time: Thu Apr  3 06:32:38 2025
timezone: UTC
elapsed time: 1.756354 seconds (0d 0h 0m 1s)

